#! /c/Source/iverilog-install/bin/vvp
:ivl_version "12.0 (devel)" "(s20150603-1110-g18392a46)";
:ivl_delay_selection "TYPICAL";
:vpi_time_precision + 0;
:vpi_module "C:\iverilog\lib\ivl\system.vpi";
:vpi_module "C:\iverilog\lib\ivl\vhdl_sys.vpi";
:vpi_module "C:\iverilog\lib\ivl\vhdl_textio.vpi";
:vpi_module "C:\iverilog\lib\ivl\v2005_math.vpi";
:vpi_module "C:\iverilog\lib\ivl\va_math.vpi";
S_000001e93cd95c60 .scope module, "Test_ALU" "Test_ALU" 2 190;
 .timescale 0 0;
v000001e93cecc7d0_0 .var "A", 3 0;
v000001e93cecd8b0_0 .var "B", 3 0;
v000001e93ceccc30_0 .net "out", 4 0, L_000001e93cecaed0;  1 drivers
v000001e93cecccd0_0 .var "s", 3 0;
S_000001e93cd98070 .scope module, "alu" "alu" 2 198, 2 141 0, S_000001e93cd95c60;
 .timescale 0 0;
    .port_info 0 /OUTPUT 5 "out";
    .port_info 1 /INPUT 4 "a";
    .port_info 2 /INPUT 4 "b";
    .port_info 3 /INPUT 4 "sel";
L_000001e93cf218b0 .functor BUF 1, L_000001e93cf22090, C4<0>, C4<0>, C4<0>;
v000001e93cecc230_0 .net *"_ivl_1", 0 0, L_000001e93cecf4d0;  1 drivers
v000001e93cecc9b0_0 .net *"_ivl_13", 0 0, L_000001e93cf218b0;  1 drivers
v000001e93cecd590_0 .net *"_ivl_3", 0 0, L_000001e93cecee90;  1 drivers
v000001e93cecc2d0_0 .net *"_ivl_7", 0 0, L_000001e93cecf930;  1 drivers
v000001e93cecc410_0 .net *"_ivl_9", 0 0, L_000001e93cecfc50;  1 drivers
v000001e93cecd630_0 .net "a", 3 0, v000001e93cecc7d0_0;  1 drivers
v000001e93ceccb90_0 .net "acout", 3 0, L_000001e93ced0970;  1 drivers
v000001e93ceccd70_0 .net "arsout", 3 0, L_000001e93cececb0;  1 drivers
v000001e93cecc4b0_0 .net "b", 3 0, v000001e93cecd8b0_0;  1 drivers
v000001e93cecc550_0 .net "lcout", 3 0, L_000001e93cecfed0;  1 drivers
v000001e93cecc690_0 .net "out", 4 0, L_000001e93cecaed0;  alias, 1 drivers
v000001e93cecc730_0 .net "outcarry", 0 0, L_000001e93cf22090;  1 drivers
v000001e93cecd4f0_0 .net "sel", 3 0, v000001e93cecccd0_0;  1 drivers
L_000001e93cecf4d0 .part v000001e93cecccd0_0, 1, 1;
L_000001e93cecee90 .part v000001e93cecccd0_0, 0, 1;
L_000001e93cece670 .concat [ 1 1 0 0], L_000001e93cecee90, L_000001e93cecf4d0;
L_000001e93cecf930 .part v000001e93cecccd0_0, 1, 1;
L_000001e93cecfc50 .part v000001e93cecccd0_0, 0, 1;
L_000001e93cecfcf0 .concat [ 1 1 0 0], L_000001e93cecfc50, L_000001e93cecf930;
L_000001e93ced0d30 .part L_000001e93cecfed0, 0, 1;
L_000001e93ced1050 .part L_000001e93ced0970, 0, 1;
L_000001e93ced0e70 .part L_000001e93cececb0, 0, 1;
L_000001e93ced0f10 .part L_000001e93cececb0, 0, 1;
L_000001e93ced10f0 .part v000001e93cecccd0_0, 3, 1;
L_000001e93ced1190 .part v000001e93cecccd0_0, 2, 1;
L_000001e93ced0bf0 .part L_000001e93cecfed0, 1, 1;
L_000001e93ced0fb0 .part L_000001e93ced0970, 1, 1;
L_000001e93ced0dd0 .part L_000001e93cececb0, 1, 1;
L_000001e93ced0ab0 .part L_000001e93cececb0, 1, 1;
L_000001e93ced0b50 .part v000001e93cecccd0_0, 3, 1;
L_000001e93ced0c90 .part v000001e93cecccd0_0, 2, 1;
L_000001e93cecba10 .part L_000001e93cecfed0, 2, 1;
L_000001e93cecb150 .part L_000001e93ced0970, 2, 1;
L_000001e93cec97b0 .part L_000001e93cececb0, 2, 1;
L_000001e93cec9b70 .part L_000001e93cececb0, 2, 1;
L_000001e93cecab10 .part v000001e93cecccd0_0, 3, 1;
L_000001e93cec95d0 .part v000001e93cecccd0_0, 2, 1;
LS_000001e93cecaed0_0_0 .concat8 [ 1 1 1 1], L_000001e93cf22f70, L_000001e93cf24ce0, L_000001e93cf24420, L_000001e93cf24ab0;
LS_000001e93cecaed0_0_4 .concat8 [ 1 0 0 0], L_000001e93cf218b0;
L_000001e93cecaed0 .concat8 [ 4 1 0 0], LS_000001e93cecaed0_0_0, LS_000001e93cecaed0_0_4;
L_000001e93ceca390 .part L_000001e93cecfed0, 3, 1;
L_000001e93cec98f0 .part L_000001e93ced0970, 3, 1;
L_000001e93cecac50 .part L_000001e93cececb0, 3, 1;
L_000001e93cecae30 .part L_000001e93cececb0, 3, 1;
L_000001e93cecb1f0 .part v000001e93cecccd0_0, 3, 1;
L_000001e93cec9fd0 .part v000001e93cecccd0_0, 2, 1;
S_000001e93cd98200 .scope module, "ac1" "ac" 2 165, 2 54 0, S_000001e93cd98070;
 .timescale 0 0;
    .port_info 0 /OUTPUT 4 "out";
    .port_info 1 /OUTPUT 1 "carry";
    .port_info 2 /INPUT 4 "a";
    .port_info 3 /INPUT 4 "b";
    .port_info 4 /INPUT 2 "sel";
L_000001e93ced69d0 .functor NOT 1, L_000001e93cecf570, C4<0>, C4<0>, C4<0>;
L_000001e93ced7060 .functor NOT 1, L_000001e93cece7b0, C4<0>, C4<0>, C4<0>;
L_000001e93ced70d0 .functor NOT 1, L_000001e93cecefd0, C4<0>, C4<0>, C4<0>;
L_000001e93ced6500 .functor NOT 1, L_000001e93cece8f0, C4<0>, C4<0>, C4<0>;
L_000001e93ced66c0 .functor XOR 1, L_000001e93ced0330, L_000001e93ced03d0, C4<0>, C4<0>;
v000001e93ceac700_0 .net *"_ivl_11", 0 0, L_000001e93cece8f0;  1 drivers
v000001e93ceacd40_0 .net *"_ivl_14", 0 0, L_000001e93ced0330;  1 drivers
v000001e93cead740_0 .net *"_ivl_16", 0 0, L_000001e93ced03d0;  1 drivers
v000001e93ceac7a0_0 .net *"_ivl_2", 0 0, L_000001e93cecf570;  1 drivers
v000001e93ceaca20_0 .net *"_ivl_5", 0 0, L_000001e93cece7b0;  1 drivers
v000001e93cead880_0 .net *"_ivl_8", 0 0, L_000001e93cecefd0;  1 drivers
v000001e93ceacc00_0 .net "a", 3 0, v000001e93cecc7d0_0;  alias, 1 drivers
v000001e93cead600_0 .net "b", 3 0, v000001e93cecd8b0_0;  alias, 1 drivers
v000001e93ceae320_0 .net "c1", 0 0, L_000001e93cf21840;  1 drivers
v000001e93cead7e0_0 .net "c2", 0 0, L_000001e93cf21a70;  1 drivers
v000001e93ceacde0_0 .net "c3", 0 0, L_000001e93cf22790;  1 drivers
v000001e93ceace80_0 .net "carry", 0 0, L_000001e93cf22090;  alias, 1 drivers
v000001e93ceacfc0_0 .net "cin", 0 0, L_000001e93ced66c0;  1 drivers
v000001e93cead060_0 .net "nb0", 0 0, L_000001e93ced69d0;  1 drivers
v000001e93cead9c0_0 .net "nb1", 0 0, L_000001e93ced7060;  1 drivers
v000001e93ceada60_0 .net "nb2", 0 0, L_000001e93ced70d0;  1 drivers
v000001e93ceb0080_0 .net "nb3", 0 0, L_000001e93ced6500;  1 drivers
v000001e93ceaf900_0 .net "o1", 0 0, L_000001e93ced6f10;  1 drivers
v000001e93ceaf2c0_0 .net "o2", 0 0, L_000001e93cf229c0;  1 drivers
v000001e93ceaef00_0 .net "o3", 0 0, L_000001e93cf22c60;  1 drivers
v000001e93ceaf9a0_0 .net "o4", 0 0, L_000001e93cf21e60;  1 drivers
v000001e93ceaec80_0 .net "out", 3 0, L_000001e93ced0970;  alias, 1 drivers
v000001e93ceaea00_0 .net "sel", 1 0, L_000001e93cecfcf0;  1 drivers
L_000001e93cecf570 .part v000001e93cecd8b0_0, 0, 1;
L_000001e93cece7b0 .part v000001e93cecd8b0_0, 1, 1;
L_000001e93cecefd0 .part v000001e93cecd8b0_0, 2, 1;
L_000001e93cece8f0 .part v000001e93cecd8b0_0, 3, 1;
L_000001e93ced0330 .part L_000001e93cecfcf0, 0, 1;
L_000001e93ced03d0 .part L_000001e93cecfcf0, 1, 1;
L_000001e93ced08d0 .part v000001e93cecd8b0_0, 0, 1;
L_000001e93ced0510 .part L_000001e93cecfcf0, 1, 1;
L_000001e93cece990 .part L_000001e93cecfcf0, 0, 1;
L_000001e93cecf110 .part v000001e93cecc7d0_0, 0, 1;
L_000001e93cece2b0 .part v000001e93cecd8b0_0, 1, 1;
L_000001e93cecfd90 .part L_000001e93cecfcf0, 1, 1;
L_000001e93ced00b0 .part L_000001e93cecfcf0, 0, 1;
L_000001e93cecf2f0 .part v000001e93cecc7d0_0, 1, 1;
L_000001e93ced0650 .part v000001e93cecd8b0_0, 2, 1;
L_000001e93cecf610 .part L_000001e93cecfcf0, 1, 1;
L_000001e93cecead0 .part L_000001e93cecfcf0, 0, 1;
L_000001e93ced06f0 .part v000001e93cecc7d0_0, 2, 1;
L_000001e93cecf750 .part v000001e93cecd8b0_0, 3, 1;
L_000001e93cecf6b0 .part L_000001e93cecfcf0, 1, 1;
L_000001e93cecf7f0 .part L_000001e93cecfcf0, 0, 1;
L_000001e93ced0970 .concat8 [ 1 1 1 1], L_000001e93cf21680, L_000001e93cf22a30, L_000001e93cf22720, L_000001e93cf223a0;
L_000001e93cecf890 .part v000001e93cecc7d0_0, 3, 1;
S_000001e93cd98390 .scope module, "full_adder0" "full_adder" 2 78, 2 17 0, S_000001e93cd98200;
 .timescale 0 0;
    .port_info 0 /OUTPUT 1 "sum";
    .port_info 1 /OUTPUT 1 "carry";
    .port_info 2 /INPUT 1 "x";
    .port_info 3 /INPUT 1 "y";
    .port_info 4 /INPUT 1 "cin";
L_000001e93ced6f80 .functor XOR 1, L_000001e93cecf110, L_000001e93ced6f10, C4<0>, C4<0>;
L_000001e93cf22100 .functor AND 1, L_000001e93cecf110, L_000001e93ced6f10, C4<1>, C4<1>;
L_000001e93cf21680 .functor XOR 1, L_000001e93ced6f80, L_000001e93ced66c0, C4<0>, C4<0>;
L_000001e93cf22560 .functor AND 1, L_000001e93ced6f80, L_000001e93ced66c0, C4<1>, C4<1>;
L_000001e93cf21840 .functor OR 1, L_000001e93cf22100, L_000001e93cf22560, C4<0>, C4<0>;
v000001e93ce3f210_0 .net "c1", 0 0, L_000001e93cf22100;  1 drivers
v000001e93ce3eb30_0 .net "c2", 0 0, L_000001e93cf22560;  1 drivers
v000001e93ce3e810_0 .net "carry", 0 0, L_000001e93cf21840;  alias, 1 drivers
v000001e93ce3e8b0_0 .net "cin", 0 0, L_000001e93ced66c0;  alias, 1 drivers
v000001e93ce3fd50_0 .net "s1", 0 0, L_000001e93ced6f80;  1 drivers
v000001e93ce3e6d0_0 .net "sum", 0 0, L_000001e93cf21680;  1 drivers
v000001e93ce3fdf0_0 .net "x", 0 0, L_000001e93cecf110;  1 drivers
v000001e93ce3f710_0 .net "y", 0 0, L_000001e93ced6f10;  alias, 1 drivers
S_000001e93cda5ff0 .scope module, "full_adder1" "full_adder" 2 81, 2 17 0, S_000001e93cd98200;
 .timescale 0 0;
    .port_info 0 /OUTPUT 1 "sum";
    .port_info 1 /OUTPUT 1 "carry";
    .port_info 2 /INPUT 1 "x";
    .port_info 3 /INPUT 1 "y";
    .port_info 4 /INPUT 1 "cin";
L_000001e93cf22e20 .functor XOR 1, L_000001e93cecf2f0, L_000001e93cf229c0, C4<0>, C4<0>;
L_000001e93cf22d40 .functor AND 1, L_000001e93cecf2f0, L_000001e93cf229c0, C4<1>, C4<1>;
L_000001e93cf22a30 .functor XOR 1, L_000001e93cf22e20, L_000001e93cf21840, C4<0>, C4<0>;
L_000001e93cf21f40 .functor AND 1, L_000001e93cf22e20, L_000001e93cf21840, C4<1>, C4<1>;
L_000001e93cf21a70 .functor OR 1, L_000001e93cf22d40, L_000001e93cf21f40, C4<0>, C4<0>;
v000001e93ce3edb0_0 .net "c1", 0 0, L_000001e93cf22d40;  1 drivers
v000001e93ce3f7b0_0 .net "c2", 0 0, L_000001e93cf21f40;  1 drivers
v000001e93ce3fad0_0 .net "carry", 0 0, L_000001e93cf21a70;  alias, 1 drivers
v000001e93ce3e590_0 .net "cin", 0 0, L_000001e93cf21840;  alias, 1 drivers
v000001e93ce3ee50_0 .net "s1", 0 0, L_000001e93cf22e20;  1 drivers
v000001e93ce3e950_0 .net "sum", 0 0, L_000001e93cf22a30;  1 drivers
v000001e93ce3fe90_0 .net "x", 0 0, L_000001e93cecf2f0;  1 drivers
v000001e93ce3f990_0 .net "y", 0 0, L_000001e93cf229c0;  alias, 1 drivers
S_000001e93cda6180 .scope module, "full_adder2" "full_adder" 2 84, 2 17 0, S_000001e93cd98200;
 .timescale 0 0;
    .port_info 0 /OUTPUT 1 "sum";
    .port_info 1 /OUTPUT 1 "carry";
    .port_info 2 /INPUT 1 "x";
    .port_info 3 /INPUT 1 "y";
    .port_info 4 /INPUT 1 "cin";
L_000001e93cf21300 .functor XOR 1, L_000001e93ced06f0, L_000001e93cf22c60, C4<0>, C4<0>;
L_000001e93cf21d10 .functor AND 1, L_000001e93ced06f0, L_000001e93cf22c60, C4<1>, C4<1>;
L_000001e93cf22720 .functor XOR 1, L_000001e93cf21300, L_000001e93cf21a70, C4<0>, C4<0>;
L_000001e93cf221e0 .functor AND 1, L_000001e93cf21300, L_000001e93cf21a70, C4<1>, C4<1>;
L_000001e93cf22790 .functor OR 1, L_000001e93cf21d10, L_000001e93cf221e0, C4<0>, C4<0>;
v000001e93ce3f850_0 .net "c1", 0 0, L_000001e93cf21d10;  1 drivers
v000001e93ce3f170_0 .net "c2", 0 0, L_000001e93cf221e0;  1 drivers
v000001e93ce3f530_0 .net "carry", 0 0, L_000001e93cf22790;  alias, 1 drivers
v000001e93ce3e9f0_0 .net "cin", 0 0, L_000001e93cf21a70;  alias, 1 drivers
v000001e93ce3e450_0 .net "s1", 0 0, L_000001e93cf21300;  1 drivers
v000001e93ce3f8f0_0 .net "sum", 0 0, L_000001e93cf22720;  1 drivers
v000001e93ce3fa30_0 .net "x", 0 0, L_000001e93ced06f0;  1 drivers
v000001e93ce3fc10_0 .net "y", 0 0, L_000001e93cf22c60;  alias, 1 drivers
S_000001e93cda6310 .scope module, "full_adder3" "full_adder" 2 87, 2 17 0, S_000001e93cd98200;
 .timescale 0 0;
    .port_info 0 /OUTPUT 1 "sum";
    .port_info 1 /OUTPUT 1 "carry";
    .port_info 2 /INPUT 1 "x";
    .port_info 3 /INPUT 1 "y";
    .port_info 4 /INPUT 1 "cin";
L_000001e93cf21ed0 .functor XOR 1, L_000001e93cecf890, L_000001e93cf21e60, C4<0>, C4<0>;
L_000001e93cf21fb0 .functor AND 1, L_000001e93cecf890, L_000001e93cf21e60, C4<1>, C4<1>;
L_000001e93cf223a0 .functor XOR 1, L_000001e93cf21ed0, L_000001e93cf22790, C4<0>, C4<0>;
L_000001e93cf222c0 .functor AND 1, L_000001e93cf21ed0, L_000001e93cf22790, C4<1>, C4<1>;
L_000001e93cf22090 .functor OR 1, L_000001e93cf21fb0, L_000001e93cf222c0, C4<0>, C4<0>;
v000001e93ce3e090_0 .net "c1", 0 0, L_000001e93cf21fb0;  1 drivers
v000001e93ce3f5d0_0 .net "c2", 0 0, L_000001e93cf222c0;  1 drivers
v000001e93ce3e630_0 .net "carry", 0 0, L_000001e93cf22090;  alias, 1 drivers
v000001e93ce3e310_0 .net "cin", 0 0, L_000001e93cf22790;  alias, 1 drivers
v000001e93ce3e130_0 .net "s1", 0 0, L_000001e93cf21ed0;  1 drivers
v000001e93ce3ef90_0 .net "sum", 0 0, L_000001e93cf223a0;  1 drivers
v000001e93ce3ea90_0 .net "x", 0 0, L_000001e93cecf890;  1 drivers
v000001e93ce3e270_0 .net "y", 0 0, L_000001e93cf21e60;  alias, 1 drivers
S_000001e93cd96ad0 .scope module, "mu0" "mux4x1" 2 77, 2 27 0, S_000001e93cd98200;
 .timescale 0 0;
    .port_info 0 /OUTPUT 1 "out";
    .port_info 1 /INPUT 1 "a";
    .port_info 2 /INPUT 1 "b";
    .port_info 3 /INPUT 1 "c";
    .port_info 4 /INPUT 1 "d";
    .port_info 5 /INPUT 1 "s1";
    .port_info 6 /INPUT 1 "s0";
L_000001e93ced67a0 .functor NOT 1, L_000001e93cece990, C4<0>, C4<0>, C4<0>;
L_000001e93ced6960 .functor NOT 1, L_000001e93ced0510, C4<0>, C4<0>, C4<0>;
v000001e93cea8ca0_0 .net "a", 0 0, L_000001e93ced08d0;  1 drivers
v000001e93cea80c0_0 .net "b", 0 0, L_000001e93ced69d0;  alias, 1 drivers
L_000001e93ced92a8 .functor BUFT 1, C4<0>, C4<0>, C4<0>, C4<0>;
v000001e93cea7260_0 .net "c", 0 0, L_000001e93ced92a8;  1 drivers
L_000001e93ced92f0 .functor BUFT 1, C4<1>, C4<0>, C4<0>, C4<0>;
v000001e93cea73a0_0 .net "d", 0 0, L_000001e93ced92f0;  1 drivers
v000001e93cea7da0_0 .net "ns0", 0 0, L_000001e93ced67a0;  1 drivers
v000001e93cea7f80_0 .net "ns1", 0 0, L_000001e93ced6960;  1 drivers
v000001e93cea7620_0 .net "o1", 0 0, L_000001e93ced6a40;  1 drivers
v000001e93cea7300_0 .net "o2", 0 0, L_000001e93ced6b20;  1 drivers
v000001e93cea7940_0 .net "o3", 0 0, L_000001e93ced6c00;  1 drivers
v000001e93cea79e0_0 .net "o4", 0 0, L_000001e93ced6ce0;  1 drivers
v000001e93cea76c0_0 .net "out", 0 0, L_000001e93ced6f10;  alias, 1 drivers
v000001e93cea85c0_0 .net "s0", 0 0, L_000001e93cece990;  1 drivers
v000001e93cea8e80_0 .net "s1", 0 0, L_000001e93ced0510;  1 drivers
S_000001e93cd96c60 .scope module, "and_30" "and_3" 2 33, 2 2 0, S_000001e93cd96ad0;
 .timescale 0 0;
    .port_info 0 /OUTPUT 1 "out";
    .port_info 1 /INPUT 1 "a";
    .port_info 2 /INPUT 1 "b";
    .port_info 3 /INPUT 1 "c";
L_000001e93ced6570 .functor AND 1, L_000001e93ced67a0, L_000001e93ced6960, C4<1>, C4<1>;
L_000001e93ced6a40 .functor AND 1, L_000001e93ced6570, L_000001e93ced08d0, C4<1>, C4<1>;
v000001e93ce3e3b0_0 .net "a", 0 0, L_000001e93ced67a0;  alias, 1 drivers
v000001e93ce3e1d0_0 .net "andout", 0 0, L_000001e93ced6570;  1 drivers
v000001e93ce3f2b0_0 .net "b", 0 0, L_000001e93ced6960;  alias, 1 drivers
v000001e93ce3e4f0_0 .net "c", 0 0, L_000001e93ced08d0;  alias, 1 drivers
v000001e93ce3f350_0 .net "out", 0 0, L_000001e93ced6a40;  alias, 1 drivers
S_000001e93cd96df0 .scope module, "and_31" "and_3" 2 34, 2 2 0, S_000001e93cd96ad0;
 .timescale 0 0;
    .port_info 0 /OUTPUT 1 "out";
    .port_info 1 /INPUT 1 "a";
    .port_info 2 /INPUT 1 "b";
    .port_info 3 /INPUT 1 "c";
L_000001e93ced6ab0 .functor AND 1, L_000001e93cece990, L_000001e93ced6960, C4<1>, C4<1>;
L_000001e93ced6b20 .functor AND 1, L_000001e93ced6ab0, L_000001e93ced69d0, C4<1>, C4<1>;
v000001e93ce3ebd0_0 .net "a", 0 0, L_000001e93cece990;  alias, 1 drivers
v000001e93ce3ec70_0 .net "andout", 0 0, L_000001e93ced6ab0;  1 drivers
v000001e93ce3f3f0_0 .net "b", 0 0, L_000001e93ced6960;  alias, 1 drivers
v000001e93ce3f490_0 .net "c", 0 0, L_000001e93ced69d0;  alias, 1 drivers
v000001e93ce3ed10_0 .net "out", 0 0, L_000001e93ced6b20;  alias, 1 drivers
S_000001e93cdafb30 .scope module, "and_32" "and_3" 2 35, 2 2 0, S_000001e93cd96ad0;
 .timescale 0 0;
    .port_info 0 /OUTPUT 1 "out";
    .port_info 1 /INPUT 1 "a";
    .port_info 2 /INPUT 1 "b";
    .port_info 3 /INPUT 1 "c";
L_000001e93ced6b90 .functor AND 1, L_000001e93ced67a0, L_000001e93ced0510, C4<1>, C4<1>;
L_000001e93ced6c00 .functor AND 1, L_000001e93ced6b90, L_000001e93ced92a8, C4<1>, C4<1>;
v000001e93ce3f670_0 .net "a", 0 0, L_000001e93ced67a0;  alias, 1 drivers
v000001e93ce3e770_0 .net "andout", 0 0, L_000001e93ced6b90;  1 drivers
v000001e93cea8c00_0 .net "b", 0 0, L_000001e93ced0510;  alias, 1 drivers
v000001e93cea8480_0 .net "c", 0 0, L_000001e93ced92a8;  alias, 1 drivers
v000001e93cea8020_0 .net "out", 0 0, L_000001e93ced6c00;  alias, 1 drivers
S_000001e93cdafcc0 .scope module, "and_33" "and_3" 2 36, 2 2 0, S_000001e93cd96ad0;
 .timescale 0 0;
    .port_info 0 /OUTPUT 1 "out";
    .port_info 1 /INPUT 1 "a";
    .port_info 2 /INPUT 1 "b";
    .port_info 3 /INPUT 1 "c";
L_000001e93ced6c70 .functor AND 1, L_000001e93cece990, L_000001e93ced0510, C4<1>, C4<1>;
L_000001e93ced6ce0 .functor AND 1, L_000001e93ced6c70, L_000001e93ced92f0, C4<1>, C4<1>;
v000001e93cea8fc0_0 .net "a", 0 0, L_000001e93cece990;  alias, 1 drivers
v000001e93cea7ee0_0 .net "andout", 0 0, L_000001e93ced6c70;  1 drivers
v000001e93cea8de0_0 .net "b", 0 0, L_000001e93ced0510;  alias, 1 drivers
v000001e93cea8a20_0 .net "c", 0 0, L_000001e93ced92f0;  alias, 1 drivers
v000001e93cea9060_0 .net "out", 0 0, L_000001e93ced6ce0;  alias, 1 drivers
S_000001e93cdafe50 .scope module, "or_40" "or_4" 2 38, 2 9 0, S_000001e93cd96ad0;
 .timescale 0 0;
    .port_info 0 /OUTPUT 1 "out";
    .port_info 1 /INPUT 1 "a";
    .port_info 2 /INPUT 1 "b";
    .port_info 3 /INPUT 1 "c";
    .port_info 4 /INPUT 1 "d";
L_000001e93ced6d50 .functor OR 1, L_000001e93ced6a40, L_000001e93ced6b20, C4<0>, C4<0>;
L_000001e93ced6dc0 .functor OR 1, L_000001e93ced6c00, L_000001e93ced6ce0, C4<0>, C4<0>;
L_000001e93ced6f10 .functor OR 1, L_000001e93ced6d50, L_000001e93ced6dc0, C4<0>, C4<0>;
v000001e93cea7d00_0 .net "a", 0 0, L_000001e93ced6a40;  alias, 1 drivers
v000001e93cea8520_0 .net "b", 0 0, L_000001e93ced6b20;  alias, 1 drivers
v000001e93cea8840_0 .net "c", 0 0, L_000001e93ced6c00;  alias, 1 drivers
v000001e93cea8b60_0 .net "d", 0 0, L_000001e93ced6ce0;  alias, 1 drivers
v000001e93cea8ac0_0 .net "orout1", 0 0, L_000001e93ced6d50;  1 drivers
v000001e93cea71c0_0 .net "orout2", 0 0, L_000001e93ced6dc0;  1 drivers
v000001e93cea7bc0_0 .net "out", 0 0, L_000001e93ced6f10;  alias, 1 drivers
S_000001e93cd62880 .scope module, "mu1" "mux4x1" 2 80, 2 27 0, S_000001e93cd98200;
 .timescale 0 0;
    .port_info 0 /OUTPUT 1 "out";
    .port_info 1 /INPUT 1 "a";
    .port_info 2 /INPUT 1 "b";
    .port_info 3 /INPUT 1 "c";
    .port_info 4 /INPUT 1 "d";
    .port_info 5 /INPUT 1 "s1";
    .port_info 6 /INPUT 1 "s0";
L_000001e93cf22800 .functor NOT 1, L_000001e93ced00b0, C4<0>, C4<0>, C4<0>;
L_000001e93cf22db0 .functor NOT 1, L_000001e93cecfd90, C4<0>, C4<0>, C4<0>;
v000001e93ceaafa0_0 .net "a", 0 0, L_000001e93cece2b0;  1 drivers
v000001e93ceaa820_0 .net "b", 0 0, L_000001e93ced7060;  alias, 1 drivers
L_000001e93ced9338 .functor BUFT 1, C4<0>, C4<0>, C4<0>, C4<0>;
v000001e93ceabcc0_0 .net "c", 0 0, L_000001e93ced9338;  1 drivers
L_000001e93ced9380 .functor BUFT 1, C4<1>, C4<0>, C4<0>, C4<0>;
v000001e93ceabf40_0 .net "d", 0 0, L_000001e93ced9380;  1 drivers
v000001e93ceab860_0 .net "ns0", 0 0, L_000001e93cf22800;  1 drivers
v000001e93ceab680_0 .net "ns1", 0 0, L_000001e93cf22db0;  1 drivers
v000001e93ceaa8c0_0 .net "o1", 0 0, L_000001e93cf226b0;  1 drivers
v000001e93ceaa5a0_0 .net "o2", 0 0, L_000001e93cf21ca0;  1 drivers
v000001e93ceab5e0_0 .net "o3", 0 0, L_000001e93cf228e0;  1 drivers
v000001e93ceab040_0 .net "o4", 0 0, L_000001e93cf22870;  1 drivers
v000001e93ceaabe0_0 .net "out", 0 0, L_000001e93cf229c0;  alias, 1 drivers
v000001e93ceab0e0_0 .net "s0", 0 0, L_000001e93ced00b0;  1 drivers
v000001e93ceabc20_0 .net "s1", 0 0, L_000001e93cecfd90;  1 drivers
S_000001e93cd62a10 .scope module, "and_30" "and_3" 2 33, 2 2 0, S_000001e93cd62880;
 .timescale 0 0;
    .port_info 0 /OUTPUT 1 "out";
    .port_info 1 /INPUT 1 "a";
    .port_info 2 /INPUT 1 "b";
    .port_info 3 /INPUT 1 "c";
L_000001e93cf22aa0 .functor AND 1, L_000001e93cf22800, L_000001e93cf22db0, C4<1>, C4<1>;
L_000001e93cf226b0 .functor AND 1, L_000001e93cf22aa0, L_000001e93cece2b0, C4<1>, C4<1>;
v000001e93cea8160_0 .net "a", 0 0, L_000001e93cf22800;  alias, 1 drivers
v000001e93cea78a0_0 .net "andout", 0 0, L_000001e93cf22aa0;  1 drivers
v000001e93cea74e0_0 .net "b", 0 0, L_000001e93cf22db0;  alias, 1 drivers
v000001e93cea8200_0 .net "c", 0 0, L_000001e93cece2b0;  alias, 1 drivers
v000001e93cea7760_0 .net "out", 0 0, L_000001e93cf226b0;  alias, 1 drivers
S_000001e93cd62ba0 .scope module, "and_31" "and_3" 2 34, 2 2 0, S_000001e93cd62880;
 .timescale 0 0;
    .port_info 0 /OUTPUT 1 "out";
    .port_info 1 /INPUT 1 "a";
    .port_info 2 /INPUT 1 "b";
    .port_info 3 /INPUT 1 "c";
L_000001e93cf21760 .functor AND 1, L_000001e93ced00b0, L_000001e93cf22db0, C4<1>, C4<1>;
L_000001e93cf21ca0 .functor AND 1, L_000001e93cf21760, L_000001e93ced7060, C4<1>, C4<1>;
v000001e93cea7a80_0 .net "a", 0 0, L_000001e93ced00b0;  alias, 1 drivers
v000001e93cea8340_0 .net "andout", 0 0, L_000001e93cf21760;  1 drivers
v000001e93cea88e0_0 .net "b", 0 0, L_000001e93cf22db0;  alias, 1 drivers
v000001e93cea8980_0 .net "c", 0 0, L_000001e93ced7060;  alias, 1 drivers
v000001e93cea7b20_0 .net "out", 0 0, L_000001e93cf21ca0;  alias, 1 drivers
S_000001e93cea9cc0 .scope module, "and_32" "and_3" 2 35, 2 2 0, S_000001e93cd62880;
 .timescale 0 0;
    .port_info 0 /OUTPUT 1 "out";
    .port_info 1 /INPUT 1 "a";
    .port_info 2 /INPUT 1 "b";
    .port_info 3 /INPUT 1 "c";
L_000001e93cf22170 .functor AND 1, L_000001e93cf22800, L_000001e93cecfd90, C4<1>, C4<1>;
L_000001e93cf228e0 .functor AND 1, L_000001e93cf22170, L_000001e93ced9338, C4<1>, C4<1>;
v000001e93cea83e0_0 .net "a", 0 0, L_000001e93cf22800;  alias, 1 drivers
v000001e93cea8f20_0 .net "andout", 0 0, L_000001e93cf22170;  1 drivers
v000001e93cea8660_0 .net "b", 0 0, L_000001e93cecfd90;  alias, 1 drivers
v000001e93cea82a0_0 .net "c", 0 0, L_000001e93ced9338;  alias, 1 drivers
v000001e93cea8d40_0 .net "out", 0 0, L_000001e93cf228e0;  alias, 1 drivers
S_000001e93cea94f0 .scope module, "and_33" "and_3" 2 36, 2 2 0, S_000001e93cd62880;
 .timescale 0 0;
    .port_info 0 /OUTPUT 1 "out";
    .port_info 1 /INPUT 1 "a";
    .port_info 2 /INPUT 1 "b";
    .port_info 3 /INPUT 1 "c";
L_000001e93cf22e90 .functor AND 1, L_000001e93ced00b0, L_000001e93cecfd90, C4<1>, C4<1>;
L_000001e93cf22870 .functor AND 1, L_000001e93cf22e90, L_000001e93ced9380, C4<1>, C4<1>;
v000001e93cea7e40_0 .net "a", 0 0, L_000001e93ced00b0;  alias, 1 drivers
v000001e93cea7440_0 .net "andout", 0 0, L_000001e93cf22e90;  1 drivers
v000001e93cea8700_0 .net "b", 0 0, L_000001e93cecfd90;  alias, 1 drivers
v000001e93cea87a0_0 .net "c", 0 0, L_000001e93ced9380;  alias, 1 drivers
v000001e93cea7580_0 .net "out", 0 0, L_000001e93cf22870;  alias, 1 drivers
S_000001e93cea9680 .scope module, "or_40" "or_4" 2 38, 2 9 0, S_000001e93cd62880;
 .timescale 0 0;
    .port_info 0 /OUTPUT 1 "out";
    .port_info 1 /INPUT 1 "a";
    .port_info 2 /INPUT 1 "b";
    .port_info 3 /INPUT 1 "c";
    .port_info 4 /INPUT 1 "d";
L_000001e93cf22640 .functor OR 1, L_000001e93cf226b0, L_000001e93cf21ca0, C4<0>, C4<0>;
L_000001e93cf22b10 .functor OR 1, L_000001e93cf228e0, L_000001e93cf22870, C4<0>, C4<0>;
L_000001e93cf229c0 .functor OR 1, L_000001e93cf22640, L_000001e93cf22b10, C4<0>, C4<0>;
v000001e93cea7c60_0 .net "a", 0 0, L_000001e93cf226b0;  alias, 1 drivers
v000001e93cea7800_0 .net "b", 0 0, L_000001e93cf21ca0;  alias, 1 drivers
v000001e93ceaaf00_0 .net "c", 0 0, L_000001e93cf228e0;  alias, 1 drivers
v000001e93ceab360_0 .net "d", 0 0, L_000001e93cf22870;  alias, 1 drivers
v000001e93ceabea0_0 .net "orout1", 0 0, L_000001e93cf22640;  1 drivers
v000001e93ceaa640_0 .net "orout2", 0 0, L_000001e93cf22b10;  1 drivers
v000001e93ceab540_0 .net "out", 0 0, L_000001e93cf229c0;  alias, 1 drivers
S_000001e93cea9fe0 .scope module, "mu2" "mux4x1" 2 83, 2 27 0, S_000001e93cd98200;
 .timescale 0 0;
    .port_info 0 /OUTPUT 1 "out";
    .port_info 1 /INPUT 1 "a";
    .port_info 2 /INPUT 1 "b";
    .port_info 3 /INPUT 1 "c";
    .port_info 4 /INPUT 1 "d";
    .port_info 5 /INPUT 1 "s1";
    .port_info 6 /INPUT 1 "s0";
L_000001e93cf22410 .functor NOT 1, L_000001e93cecead0, C4<0>, C4<0>, C4<0>;
L_000001e93cf22330 .functor NOT 1, L_000001e93cecf610, C4<0>, C4<0>, C4<0>;
v000001e93ceaad20_0 .net "a", 0 0, L_000001e93ced0650;  1 drivers
v000001e93ceaadc0_0 .net "b", 0 0, L_000001e93ced70d0;  alias, 1 drivers
L_000001e93ced93c8 .functor BUFT 1, C4<0>, C4<0>, C4<0>, C4<0>;
v000001e93ceaa460_0 .net "c", 0 0, L_000001e93ced93c8;  1 drivers
L_000001e93ced9410 .functor BUFT 1, C4<1>, C4<0>, C4<0>, C4<0>;
v000001e93ceaae60_0 .net "d", 0 0, L_000001e93ced9410;  1 drivers
v000001e93ceab400_0 .net "ns0", 0 0, L_000001e93cf22410;  1 drivers
v000001e93cead100_0 .net "ns1", 0 0, L_000001e93cf22330;  1 drivers
v000001e93ceae3c0_0 .net "o1", 0 0, L_000001e93cf216f0;  1 drivers
v000001e93ceae5a0_0 .net "o2", 0 0, L_000001e93cf22bf0;  1 drivers
v000001e93ceacca0_0 .net "o3", 0 0, L_000001e93cf225d0;  1 drivers
v000001e93ceac2a0_0 .net "o4", 0 0, L_000001e93cf21c30;  1 drivers
v000001e93ceac840_0 .net "out", 0 0, L_000001e93cf22c60;  alias, 1 drivers
v000001e93ceadba0_0 .net "s0", 0 0, L_000001e93cecead0;  1 drivers
v000001e93ceae0a0_0 .net "s1", 0 0, L_000001e93cecf610;  1 drivers
S_000001e93cea9e50 .scope module, "and_30" "and_3" 2 33, 2 2 0, S_000001e93cea9fe0;
 .timescale 0 0;
    .port_info 0 /OUTPUT 1 "out";
    .port_info 1 /INPUT 1 "a";
    .port_info 2 /INPUT 1 "b";
    .port_info 3 /INPUT 1 "c";
L_000001e93cf21450 .functor AND 1, L_000001e93cf22410, L_000001e93cf22330, C4<1>, C4<1>;
L_000001e93cf216f0 .functor AND 1, L_000001e93cf21450, L_000001e93ced0650, C4<1>, C4<1>;
v000001e93ceaa780_0 .net "a", 0 0, L_000001e93cf22410;  alias, 1 drivers
v000001e93ceaa280_0 .net "andout", 0 0, L_000001e93cf21450;  1 drivers
v000001e93ceab9a0_0 .net "b", 0 0, L_000001e93cf22330;  alias, 1 drivers
v000001e93ceab2c0_0 .net "c", 0 0, L_000001e93ced0650;  alias, 1 drivers
v000001e93ceaa3c0_0 .net "out", 0 0, L_000001e93cf216f0;  alias, 1 drivers
S_000001e93cea9810 .scope module, "and_31" "and_3" 2 34, 2 2 0, S_000001e93cea9fe0;
 .timescale 0 0;
    .port_info 0 /OUTPUT 1 "out";
    .port_info 1 /INPUT 1 "a";
    .port_info 2 /INPUT 1 "b";
    .port_info 3 /INPUT 1 "c";
L_000001e93cf22b80 .functor AND 1, L_000001e93cecead0, L_000001e93cf22330, C4<1>, C4<1>;
L_000001e93cf22bf0 .functor AND 1, L_000001e93cf22b80, L_000001e93ced70d0, C4<1>, C4<1>;
v000001e93ceab900_0 .net "a", 0 0, L_000001e93cecead0;  alias, 1 drivers
v000001e93ceab720_0 .net "andout", 0 0, L_000001e93cf22b80;  1 drivers
v000001e93ceab7c0_0 .net "b", 0 0, L_000001e93cf22330;  alias, 1 drivers
v000001e93ceab4a0_0 .net "c", 0 0, L_000001e93ced70d0;  alias, 1 drivers
v000001e93ceabd60_0 .net "out", 0 0, L_000001e93cf22bf0;  alias, 1 drivers
S_000001e93cea99a0 .scope module, "and_32" "and_3" 2 35, 2 2 0, S_000001e93cea9fe0;
 .timescale 0 0;
    .port_info 0 /OUTPUT 1 "out";
    .port_info 1 /INPUT 1 "a";
    .port_info 2 /INPUT 1 "b";
    .port_info 3 /INPUT 1 "c";
L_000001e93cf21920 .functor AND 1, L_000001e93cf22410, L_000001e93cecf610, C4<1>, C4<1>;
L_000001e93cf225d0 .functor AND 1, L_000001e93cf21920, L_000001e93ced93c8, C4<1>, C4<1>;
v000001e93ceaba40_0 .net "a", 0 0, L_000001e93cf22410;  alias, 1 drivers
v000001e93ceaa960_0 .net "andout", 0 0, L_000001e93cf21920;  1 drivers
v000001e93ceabb80_0 .net "b", 0 0, L_000001e93cecf610;  alias, 1 drivers
v000001e93ceaa500_0 .net "c", 0 0, L_000001e93ced93c8;  alias, 1 drivers
v000001e93ceabae0_0 .net "out", 0 0, L_000001e93cf225d0;  alias, 1 drivers
S_000001e93cea9360 .scope module, "and_33" "and_3" 2 36, 2 2 0, S_000001e93cea9fe0;
 .timescale 0 0;
    .port_info 0 /OUTPUT 1 "out";
    .port_info 1 /INPUT 1 "a";
    .port_info 2 /INPUT 1 "b";
    .port_info 3 /INPUT 1 "c";
L_000001e93cf21d80 .functor AND 1, L_000001e93cecead0, L_000001e93cecf610, C4<1>, C4<1>;
L_000001e93cf21c30 .functor AND 1, L_000001e93cf21d80, L_000001e93ced9410, C4<1>, C4<1>;
v000001e93ceab220_0 .net "a", 0 0, L_000001e93cecead0;  alias, 1 drivers
v000001e93ceabe00_0 .net "andout", 0 0, L_000001e93cf21d80;  1 drivers
v000001e93ceabfe0_0 .net "b", 0 0, L_000001e93cecf610;  alias, 1 drivers
v000001e93ceac080_0 .net "c", 0 0, L_000001e93ced9410;  alias, 1 drivers
v000001e93ceaaaa0_0 .net "out", 0 0, L_000001e93cf21c30;  alias, 1 drivers
S_000001e93cea9b30 .scope module, "or_40" "or_4" 2 38, 2 9 0, S_000001e93cea9fe0;
 .timescale 0 0;
    .port_info 0 /OUTPUT 1 "out";
    .port_info 1 /INPUT 1 "a";
    .port_info 2 /INPUT 1 "b";
    .port_info 3 /INPUT 1 "c";
    .port_info 4 /INPUT 1 "d";
L_000001e93cf22020 .functor OR 1, L_000001e93cf216f0, L_000001e93cf22bf0, C4<0>, C4<0>;
L_000001e93cf21530 .functor OR 1, L_000001e93cf225d0, L_000001e93cf21c30, C4<0>, C4<0>;
L_000001e93cf22c60 .functor OR 1, L_000001e93cf22020, L_000001e93cf21530, C4<0>, C4<0>;
v000001e93ceaaa00_0 .net "a", 0 0, L_000001e93cf216f0;  alias, 1 drivers
v000001e93ceaa1e0_0 .net "b", 0 0, L_000001e93cf22bf0;  alias, 1 drivers
v000001e93ceaa320_0 .net "c", 0 0, L_000001e93cf225d0;  alias, 1 drivers
v000001e93ceaab40_0 .net "d", 0 0, L_000001e93cf21c30;  alias, 1 drivers
v000001e93ceaa6e0_0 .net "orout1", 0 0, L_000001e93cf22020;  1 drivers
v000001e93ceaac80_0 .net "orout2", 0 0, L_000001e93cf21530;  1 drivers
v000001e93ceab180_0 .net "out", 0 0, L_000001e93cf22c60;  alias, 1 drivers
S_000001e93cea91d0 .scope module, "mu3" "mux4x1" 2 86, 2 27 0, S_000001e93cd98200;
 .timescale 0 0;
    .port_info 0 /OUTPUT 1 "out";
    .port_info 1 /INPUT 1 "a";
    .port_info 2 /INPUT 1 "b";
    .port_info 3 /INPUT 1 "c";
    .port_info 4 /INPUT 1 "d";
    .port_info 5 /INPUT 1 "s1";
    .port_info 6 /INPUT 1 "s0";
L_000001e93cf21ae0 .functor NOT 1, L_000001e93cecf7f0, C4<0>, C4<0>, C4<0>;
L_000001e93cf22cd0 .functor NOT 1, L_000001e93cecf6b0, C4<0>, C4<0>, C4<0>;
v000001e93ceacf20_0 .net "a", 0 0, L_000001e93cecf750;  1 drivers
v000001e93ceac200_0 .net "b", 0 0, L_000001e93ced6500;  alias, 1 drivers
L_000001e93ced9458 .functor BUFT 1, C4<0>, C4<0>, C4<0>, C4<0>;
v000001e93ceae500_0 .net "c", 0 0, L_000001e93ced9458;  1 drivers
L_000001e93ced94a0 .functor BUFT 1, C4<1>, C4<0>, C4<0>, C4<0>;
v000001e93cead380_0 .net "d", 0 0, L_000001e93ced94a0;  1 drivers
v000001e93ceac3e0_0 .net "ns0", 0 0, L_000001e93cf21ae0;  1 drivers
v000001e93ceac480_0 .net "ns1", 0 0, L_000001e93cf22cd0;  1 drivers
v000001e93ceae280_0 .net "o1", 0 0, L_000001e93cf22950;  1 drivers
v000001e93ceadb00_0 .net "o2", 0 0, L_000001e93cf21990;  1 drivers
v000001e93ceac5c0_0 .net "o3", 0 0, L_000001e93cf213e0;  1 drivers
v000001e93ceae460_0 .net "o4", 0 0, L_000001e93cf215a0;  1 drivers
v000001e93cead240_0 .net "out", 0 0, L_000001e93cf21e60;  alias, 1 drivers
v000001e93ceadf60_0 .net "s0", 0 0, L_000001e93cecf7f0;  1 drivers
v000001e93ceac660_0 .net "s1", 0 0, L_000001e93cecf6b0;  1 drivers
S_000001e93ceb1650 .scope module, "and_30" "and_3" 2 33, 2 2 0, S_000001e93cea91d0;
 .timescale 0 0;
    .port_info 0 /OUTPUT 1 "out";
    .port_info 1 /INPUT 1 "a";
    .port_info 2 /INPUT 1 "b";
    .port_info 3 /INPUT 1 "c";
L_000001e93cf21370 .functor AND 1, L_000001e93cf21ae0, L_000001e93cf22cd0, C4<1>, C4<1>;
L_000001e93cf22950 .functor AND 1, L_000001e93cf21370, L_000001e93cecf750, C4<1>, C4<1>;
v000001e93cead6a0_0 .net "a", 0 0, L_000001e93cf21ae0;  alias, 1 drivers
v000001e93ceadc40_0 .net "andout", 0 0, L_000001e93cf21370;  1 drivers
v000001e93ceadd80_0 .net "b", 0 0, L_000001e93cf22cd0;  alias, 1 drivers
v000001e93cead4c0_0 .net "c", 0 0, L_000001e93cecf750;  alias, 1 drivers
v000001e93ceae820_0 .net "out", 0 0, L_000001e93cf22950;  alias, 1 drivers
S_000001e93ceb0200 .scope module, "and_31" "and_3" 2 34, 2 2 0, S_000001e93cea91d0;
 .timescale 0 0;
    .port_info 0 /OUTPUT 1 "out";
    .port_info 1 /INPUT 1 "a";
    .port_info 2 /INPUT 1 "b";
    .port_info 3 /INPUT 1 "c";
L_000001e93cf21b50 .functor AND 1, L_000001e93cecf7f0, L_000001e93cf22cd0, C4<1>, C4<1>;
L_000001e93cf21990 .functor AND 1, L_000001e93cf21b50, L_000001e93ced6500, C4<1>, C4<1>;
v000001e93ceacb60_0 .net "a", 0 0, L_000001e93cecf7f0;  alias, 1 drivers
v000001e93cead920_0 .net "andout", 0 0, L_000001e93cf21b50;  1 drivers
v000001e93ceae640_0 .net "b", 0 0, L_000001e93cf22cd0;  alias, 1 drivers
v000001e93ceae140_0 .net "c", 0 0, L_000001e93ced6500;  alias, 1 drivers
v000001e93ceae6e0_0 .net "out", 0 0, L_000001e93cf21990;  alias, 1 drivers
S_000001e93ceb14c0 .scope module, "and_32" "and_3" 2 35, 2 2 0, S_000001e93cea91d0;
 .timescale 0 0;
    .port_info 0 /OUTPUT 1 "out";
    .port_info 1 /INPUT 1 "a";
    .port_info 2 /INPUT 1 "b";
    .port_info 3 /INPUT 1 "c";
L_000001e93cf217d0 .functor AND 1, L_000001e93cf21ae0, L_000001e93cecf6b0, C4<1>, C4<1>;
L_000001e93cf213e0 .functor AND 1, L_000001e93cf217d0, L_000001e93ced9458, C4<1>, C4<1>;
v000001e93ceadce0_0 .net "a", 0 0, L_000001e93cf21ae0;  alias, 1 drivers
v000001e93cead420_0 .net "andout", 0 0, L_000001e93cf217d0;  1 drivers
v000001e93cead2e0_0 .net "b", 0 0, L_000001e93cecf6b0;  alias, 1 drivers
v000001e93ceae1e0_0 .net "c", 0 0, L_000001e93ced9458;  alias, 1 drivers
v000001e93ceac340_0 .net "out", 0 0, L_000001e93cf213e0;  alias, 1 drivers
S_000001e93ceb0390 .scope module, "and_33" "and_3" 2 36, 2 2 0, S_000001e93cea91d0;
 .timescale 0 0;
    .port_info 0 /OUTPUT 1 "out";
    .port_info 1 /INPUT 1 "a";
    .port_info 2 /INPUT 1 "b";
    .port_info 3 /INPUT 1 "c";
L_000001e93cf214c0 .functor AND 1, L_000001e93cecf7f0, L_000001e93cecf6b0, C4<1>, C4<1>;
L_000001e93cf215a0 .functor AND 1, L_000001e93cf214c0, L_000001e93ced94a0, C4<1>, C4<1>;
v000001e93ceac8e0_0 .net "a", 0 0, L_000001e93cecf7f0;  alias, 1 drivers
v000001e93ceae000_0 .net "andout", 0 0, L_000001e93cf214c0;  1 drivers
v000001e93ceac980_0 .net "b", 0 0, L_000001e93cecf6b0;  alias, 1 drivers
v000001e93cead560_0 .net "c", 0 0, L_000001e93ced94a0;  alias, 1 drivers
v000001e93ceae8c0_0 .net "out", 0 0, L_000001e93cf215a0;  alias, 1 drivers
S_000001e93ceb0e80 .scope module, "or_40" "or_4" 2 38, 2 9 0, S_000001e93cea91d0;
 .timescale 0 0;
    .port_info 0 /OUTPUT 1 "out";
    .port_info 1 /INPUT 1 "a";
    .port_info 2 /INPUT 1 "b";
    .port_info 3 /INPUT 1 "c";
    .port_info 4 /INPUT 1 "d";
L_000001e93cf21610 .functor OR 1, L_000001e93cf22950, L_000001e93cf21990, C4<0>, C4<0>;
L_000001e93cf21df0 .functor OR 1, L_000001e93cf213e0, L_000001e93cf215a0, C4<0>, C4<0>;
L_000001e93cf21e60 .functor OR 1, L_000001e93cf21610, L_000001e93cf21df0, C4<0>, C4<0>;
v000001e93ceac520_0 .net "a", 0 0, L_000001e93cf22950;  alias, 1 drivers
v000001e93ceae780_0 .net "b", 0 0, L_000001e93cf21990;  alias, 1 drivers
v000001e93ceacac0_0 .net "c", 0 0, L_000001e93cf213e0;  alias, 1 drivers
v000001e93ceade20_0 .net "d", 0 0, L_000001e93cf215a0;  alias, 1 drivers
v000001e93ceae960_0 .net "orout1", 0 0, L_000001e93cf21610;  1 drivers
v000001e93cead1a0_0 .net "orout2", 0 0, L_000001e93cf21df0;  1 drivers
v000001e93ceadec0_0 .net "out", 0 0, L_000001e93cf21e60;  alias, 1 drivers
S_000001e93ceb06b0 .scope module, "ars1" "ars" 2 164, 2 130 0, S_000001e93cd98070;
 .timescale 0 0;
    .port_info 0 /OUTPUT 4 "out";
    .port_info 1 /INPUT 4 "in";
L_000001e93ced68f0 .functor BUF 1, L_000001e93cece710, C4<0>, C4<0>, C4<0>;
L_000001e93ced6340 .functor BUF 1, L_000001e93cecfbb0, C4<0>, C4<0>, C4<0>;
L_000001e93ced6420 .functor BUF 1, L_000001e93ced0470, C4<0>, C4<0>, C4<0>;
L_000001e93ced6ff0 .functor BUF 1, L_000001e93cecef30, C4<0>, C4<0>, C4<0>;
v000001e93ceafc20_0 .net *"_ivl_1", 0 0, L_000001e93ced68f0;  1 drivers
v000001e93ceaeaa0_0 .net *"_ivl_11", 0 0, L_000001e93ced6420;  1 drivers
v000001e93ceafa40_0 .net *"_ivl_14", 0 0, L_000001e93ced0470;  1 drivers
v000001e93ceaefa0_0 .net *"_ivl_16", 0 0, L_000001e93ced6ff0;  1 drivers
v000001e93ceaebe0_0 .net *"_ivl_20", 0 0, L_000001e93cecef30;  1 drivers
v000001e93ceaf360_0 .net *"_ivl_4", 0 0, L_000001e93cece710;  1 drivers
v000001e93ceafd60_0 .net *"_ivl_6", 0 0, L_000001e93ced6340;  1 drivers
v000001e93ceaedc0_0 .net *"_ivl_9", 0 0, L_000001e93cecfbb0;  1 drivers
v000001e93ceaee60_0 .net "in", 3 0, v000001e93cecc7d0_0;  alias, 1 drivers
v000001e93ceafe00_0 .net "out", 3 0, L_000001e93cececb0;  alias, 1 drivers
L_000001e93cece710 .part v000001e93cecc7d0_0, 1, 1;
L_000001e93cecfbb0 .part v000001e93cecc7d0_0, 2, 1;
L_000001e93ced0470 .part v000001e93cecc7d0_0, 3, 1;
L_000001e93cececb0 .concat8 [ 1 1 1 1], L_000001e93ced68f0, L_000001e93ced6340, L_000001e93ced6420, L_000001e93ced6ff0;
L_000001e93cecef30 .part v000001e93cecc7d0_0, 3, 1;
S_000001e93ceb1fb0 .scope module, "lc1" "lc" 2 163, 2 92 0, S_000001e93cd98070;
 .timescale 0 0;
    .port_info 0 /OUTPUT 4 "out";
    .port_info 1 /INPUT 4 "a";
    .port_info 2 /INPUT 4 "b";
    .port_info 3 /INPUT 2 "sel";
L_000001e93ce3d890 .functor AND 1, L_000001e93cecd3b0, L_000001e93cecd6d0, C4<1>, C4<1>;
L_000001e93ce3d970 .functor AND 1, L_000001e93cecd770, L_000001e93ced0790, C4<1>, C4<1>;
L_000001e93ce3db30 .functor AND 1, L_000001e93cecf9d0, L_000001e93ceceb70, C4<1>, C4<1>;
L_000001e93ce3da50 .functor AND 1, L_000001e93cecec10, L_000001e93ced01f0, C4<1>, C4<1>;
L_000001e93ce3d5f0 .functor OR 1, L_000001e93cecfe30, L_000001e93ced0150, C4<0>, C4<0>;
L_000001e93ce3dac0 .functor OR 1, L_000001e93cece350, L_000001e93cece3f0, C4<0>, C4<0>;
L_000001e93ce3ce10 .functor OR 1, L_000001e93ced0010, L_000001e93cecf070, C4<0>, C4<0>;
L_000001e93ce3d660 .functor OR 1, L_000001e93cece490, L_000001e93cecf1b0, C4<0>, C4<0>;
L_000001e93ce3d6d0 .functor XOR 1, L_000001e93cecfa70, L_000001e93cecea30, C4<0>, C4<0>;
L_000001e93ce3cef0 .functor XOR 1, L_000001e93cecf390, L_000001e93ced05b0, C4<0>, C4<0>;
L_000001e93ce3cfd0 .functor XOR 1, L_000001e93ceced50, L_000001e93cece850, C4<0>, C4<0>;
L_000001e93ce3d040 .functor XOR 1, L_000001e93cecf250, L_000001e93cece5d0, C4<0>, C4<0>;
v000001e93cebc980_0 .net *"_ivl_12", 0 0, L_000001e93cecf9d0;  1 drivers
v000001e93cebc7a0_0 .net *"_ivl_14", 0 0, L_000001e93ceceb70;  1 drivers
v000001e93cebd920_0 .net *"_ivl_17", 0 0, L_000001e93cecec10;  1 drivers
v000001e93cebb800_0 .net *"_ivl_19", 0 0, L_000001e93ced01f0;  1 drivers
v000001e93cebb760_0 .net *"_ivl_2", 0 0, L_000001e93cecd3b0;  1 drivers
v000001e93cebd2e0_0 .net *"_ivl_22", 0 0, L_000001e93cecfe30;  1 drivers
v000001e93cebba80_0 .net *"_ivl_24", 0 0, L_000001e93ced0150;  1 drivers
v000001e93cebd380_0 .net *"_ivl_27", 0 0, L_000001e93cece350;  1 drivers
v000001e93cebbb20_0 .net *"_ivl_29", 0 0, L_000001e93cece3f0;  1 drivers
v000001e93cebc660_0 .net *"_ivl_32", 0 0, L_000001e93ced0010;  1 drivers
v000001e93cebbbc0_0 .net *"_ivl_34", 0 0, L_000001e93cecf070;  1 drivers
v000001e93cebbda0_0 .net *"_ivl_37", 0 0, L_000001e93cece490;  1 drivers
v000001e93cebc840_0 .net *"_ivl_39", 0 0, L_000001e93cecf1b0;  1 drivers
v000001e93cebd560_0 .net *"_ivl_4", 0 0, L_000001e93cecd6d0;  1 drivers
v000001e93cebcb60_0 .net *"_ivl_42", 0 0, L_000001e93cecfa70;  1 drivers
v000001e93cebc3e0_0 .net *"_ivl_44", 0 0, L_000001e93cecea30;  1 drivers
v000001e93cebcc00_0 .net *"_ivl_47", 0 0, L_000001e93cecf390;  1 drivers
v000001e93cebcf20_0 .net *"_ivl_49", 0 0, L_000001e93ced05b0;  1 drivers
v000001e93cebd600_0 .net *"_ivl_52", 0 0, L_000001e93ceced50;  1 drivers
v000001e93cebbe40_0 .net *"_ivl_54", 0 0, L_000001e93cece850;  1 drivers
v000001e93cebc520_0 .net *"_ivl_57", 0 0, L_000001e93cecf250;  1 drivers
v000001e93cebce80_0 .net *"_ivl_59", 0 0, L_000001e93cece5d0;  1 drivers
v000001e93cebcfc0_0 .net *"_ivl_7", 0 0, L_000001e93cecd770;  1 drivers
v000001e93cebd740_0 .net *"_ivl_9", 0 0, L_000001e93ced0790;  1 drivers
v000001e93cebd7e0_0 .net "a", 3 0, v000001e93cecc7d0_0;  alias, 1 drivers
v000001e93cebe3c0_0 .net "and0", 0 0, L_000001e93ce3d890;  1 drivers
v000001e93cebea00_0 .net "and1", 0 0, L_000001e93ce3d970;  1 drivers
v000001e93cebefa0_0 .net "and2", 0 0, L_000001e93ce3db30;  1 drivers
v000001e93cebdce0_0 .net "and3", 0 0, L_000001e93ce3da50;  1 drivers
v000001e93cebe460_0 .net "b", 3 0, v000001e93cecd8b0_0;  alias, 1 drivers
v000001e93cebeaa0_0 .net "or0", 0 0, L_000001e93ce3d5f0;  1 drivers
v000001e93cebe280_0 .net "or1", 0 0, L_000001e93ce3dac0;  1 drivers
v000001e93cebdec0_0 .net "or2", 0 0, L_000001e93ce3ce10;  1 drivers
v000001e93cebedc0_0 .net "or3", 0 0, L_000001e93ce3d660;  1 drivers
v000001e93cebf040_0 .net "out", 3 0, L_000001e93cecfed0;  alias, 1 drivers
v000001e93cebdf60_0 .net "sel", 1 0, L_000001e93cece670;  1 drivers
v000001e93cebf0e0_0 .net "xor0", 0 0, L_000001e93ce3d6d0;  1 drivers
v000001e93cebeb40_0 .net "xor1", 0 0, L_000001e93ce3cef0;  1 drivers
v000001e93cebda60_0 .net "xor2", 0 0, L_000001e93ce3cfd0;  1 drivers
v000001e93cebebe0_0 .net "xor3", 0 0, L_000001e93ce3d040;  1 drivers
L_000001e93cecd3b0 .part v000001e93cecc7d0_0, 0, 1;
L_000001e93cecd6d0 .part v000001e93cecd8b0_0, 0, 1;
L_000001e93cecd770 .part v000001e93cecc7d0_0, 1, 1;
L_000001e93ced0790 .part v000001e93cecd8b0_0, 1, 1;
L_000001e93cecf9d0 .part v000001e93cecc7d0_0, 2, 1;
L_000001e93ceceb70 .part v000001e93cecd8b0_0, 2, 1;
L_000001e93cecec10 .part v000001e93cecc7d0_0, 3, 1;
L_000001e93ced01f0 .part v000001e93cecd8b0_0, 3, 1;
L_000001e93cecfe30 .part v000001e93cecc7d0_0, 0, 1;
L_000001e93ced0150 .part v000001e93cecd8b0_0, 0, 1;
L_000001e93cece350 .part v000001e93cecc7d0_0, 1, 1;
L_000001e93cece3f0 .part v000001e93cecd8b0_0, 1, 1;
L_000001e93ced0010 .part v000001e93cecc7d0_0, 2, 1;
L_000001e93cecf070 .part v000001e93cecd8b0_0, 2, 1;
L_000001e93cece490 .part v000001e93cecc7d0_0, 3, 1;
L_000001e93cecf1b0 .part v000001e93cecd8b0_0, 3, 1;
L_000001e93cecfa70 .part v000001e93cecc7d0_0, 0, 1;
L_000001e93cecea30 .part v000001e93cecd8b0_0, 0, 1;
L_000001e93cecf390 .part v000001e93cecc7d0_0, 1, 1;
L_000001e93ced05b0 .part v000001e93cecd8b0_0, 1, 1;
L_000001e93ceced50 .part v000001e93cecc7d0_0, 2, 1;
L_000001e93cece850 .part v000001e93cecd8b0_0, 2, 1;
L_000001e93cecf250 .part v000001e93cecc7d0_0, 3, 1;
L_000001e93cece5d0 .part v000001e93cecd8b0_0, 3, 1;
L_000001e93ced0830 .part L_000001e93cece670, 1, 1;
L_000001e93cecff70 .part L_000001e93cece670, 0, 1;
L_000001e93cecedf0 .part L_000001e93cece670, 1, 1;
L_000001e93cecf430 .part L_000001e93cece670, 0, 1;
L_000001e93cecfb10 .part L_000001e93cece670, 1, 1;
L_000001e93ced0290 .part L_000001e93cece670, 0, 1;
L_000001e93cecfed0 .concat8 [ 1 1 1 1], L_000001e93ced5560, L_000001e93ced5790, L_000001e93ced6050, L_000001e93ced71b0;
L_000001e93cece530 .part L_000001e93cece670, 1, 1;
L_000001e93ced0a10 .part L_000001e93cece670, 0, 1;
S_000001e93ceb0520 .scope module, "mu0" "mux4x1" 2 121, 2 27 0, S_000001e93ceb1fb0;
 .timescale 0 0;
    .port_info 0 /OUTPUT 1 "out";
    .port_info 1 /INPUT 1 "a";
    .port_info 2 /INPUT 1 "b";
    .port_info 3 /INPUT 1 "c";
    .port_info 4 /INPUT 1 "d";
    .port_info 5 /INPUT 1 "s1";
    .port_info 6 /INPUT 1 "s0";
L_000001e93ce3d0b0 .functor NOT 1, L_000001e93cecff70, C4<0>, C4<0>, C4<0>;
L_000001e93ce3d190 .functor NOT 1, L_000001e93ced0830, C4<0>, C4<0>, C4<0>;
v000001e93ceb5c70_0 .net "a", 0 0, L_000001e93ce3d890;  alias, 1 drivers
v000001e93ceb59f0_0 .net "b", 0 0, L_000001e93ce3d890;  alias, 1 drivers
v000001e93ceb49b0_0 .net "c", 0 0, L_000001e93ce3d5f0;  alias, 1 drivers
v000001e93ceb5a90_0 .net "d", 0 0, L_000001e93ce3d6d0;  alias, 1 drivers
v000001e93ceb4af0_0 .net "ns0", 0 0, L_000001e93ce3d0b0;  1 drivers
v000001e93ceb5310_0 .net "ns1", 0 0, L_000001e93ce3d190;  1 drivers
v000001e93ceb6850_0 .net "o1", 0 0, L_000001e93ce3d270;  1 drivers
v000001e93ceb5db0_0 .net "o2", 0 0, L_000001e93ced59c0;  1 drivers
v000001e93ceb47d0_0 .net "o3", 0 0, L_000001e93ced54f0;  1 drivers
v000001e93ceb68f0_0 .net "o4", 0 0, L_000001e93ced5b10;  1 drivers
v000001e93ceb5d10_0 .net "out", 0 0, L_000001e93ced5560;  1 drivers
v000001e93ceb6030_0 .net "s0", 0 0, L_000001e93cecff70;  1 drivers
v000001e93ceb53b0_0 .net "s1", 0 0, L_000001e93ced0830;  1 drivers
S_000001e93ceb0840 .scope module, "and_30" "and_3" 2 33, 2 2 0, S_000001e93ceb0520;
 .timescale 0 0;
    .port_info 0 /OUTPUT 1 "out";
    .port_info 1 /INPUT 1 "a";
    .port_info 2 /INPUT 1 "b";
    .port_info 3 /INPUT 1 "c";
L_000001e93ce3d200 .functor AND 1, L_000001e93ce3d0b0, L_000001e93ce3d190, C4<1>, C4<1>;
L_000001e93ce3d270 .functor AND 1, L_000001e93ce3d200, L_000001e93ce3d890, C4<1>, C4<1>;
v000001e93ceafea0_0 .net "a", 0 0, L_000001e93ce3d0b0;  alias, 1 drivers
v000001e93ceaf0e0_0 .net "andout", 0 0, L_000001e93ce3d200;  1 drivers
v000001e93ceafcc0_0 .net "b", 0 0, L_000001e93ce3d190;  alias, 1 drivers
v000001e93ceaf400_0 .net "c", 0 0, L_000001e93ce3d890;  alias, 1 drivers
v000001e93ceaf040_0 .net "out", 0 0, L_000001e93ce3d270;  alias, 1 drivers
S_000001e93ceb09d0 .scope module, "and_31" "and_3" 2 34, 2 2 0, S_000001e93ceb0520;
 .timescale 0 0;
    .port_info 0 /OUTPUT 1 "out";
    .port_info 1 /INPUT 1 "a";
    .port_info 2 /INPUT 1 "b";
    .port_info 3 /INPUT 1 "c";
L_000001e93ce3d2e0 .functor AND 1, L_000001e93cecff70, L_000001e93ce3d190, C4<1>, C4<1>;
L_000001e93ced59c0 .functor AND 1, L_000001e93ce3d2e0, L_000001e93ce3d890, C4<1>, C4<1>;
v000001e93ceaf180_0 .net "a", 0 0, L_000001e93cecff70;  alias, 1 drivers
v000001e93ceaf220_0 .net "andout", 0 0, L_000001e93ce3d2e0;  1 drivers
v000001e93ceafb80_0 .net "b", 0 0, L_000001e93ce3d190;  alias, 1 drivers
v000001e93ceaff40_0 .net "c", 0 0, L_000001e93ce3d890;  alias, 1 drivers
v000001e93ceaf4a0_0 .net "out", 0 0, L_000001e93ced59c0;  alias, 1 drivers
S_000001e93ceb0b60 .scope module, "and_32" "and_3" 2 35, 2 2 0, S_000001e93ceb0520;
 .timescale 0 0;
    .port_info 0 /OUTPUT 1 "out";
    .port_info 1 /INPUT 1 "a";
    .port_info 2 /INPUT 1 "b";
    .port_info 3 /INPUT 1 "c";
L_000001e93ced5d40 .functor AND 1, L_000001e93ce3d0b0, L_000001e93ced0830, C4<1>, C4<1>;
L_000001e93ced54f0 .functor AND 1, L_000001e93ced5d40, L_000001e93ce3d5f0, C4<1>, C4<1>;
v000001e93ceafae0_0 .net "a", 0 0, L_000001e93ce3d0b0;  alias, 1 drivers
v000001e93ceaf540_0 .net "andout", 0 0, L_000001e93ced5d40;  1 drivers
v000001e93ceaffe0_0 .net "b", 0 0, L_000001e93ced0830;  alias, 1 drivers
v000001e93ceaed20_0 .net "c", 0 0, L_000001e93ce3d5f0;  alias, 1 drivers
v000001e93ceaeb40_0 .net "out", 0 0, L_000001e93ced54f0;  alias, 1 drivers
S_000001e93ceb1e20 .scope module, "and_33" "and_3" 2 36, 2 2 0, S_000001e93ceb0520;
 .timescale 0 0;
    .port_info 0 /OUTPUT 1 "out";
    .port_info 1 /INPUT 1 "a";
    .port_info 2 /INPUT 1 "b";
    .port_info 3 /INPUT 1 "c";
L_000001e93ced5800 .functor AND 1, L_000001e93cecff70, L_000001e93ced0830, C4<1>, C4<1>;
L_000001e93ced5b10 .functor AND 1, L_000001e93ced5800, L_000001e93ce3d6d0, C4<1>, C4<1>;
v000001e93ceaf5e0_0 .net "a", 0 0, L_000001e93cecff70;  alias, 1 drivers
v000001e93ceaf680_0 .net "andout", 0 0, L_000001e93ced5800;  1 drivers
v000001e93ceaf720_0 .net "b", 0 0, L_000001e93ced0830;  alias, 1 drivers
v000001e93ceaf7c0_0 .net "c", 0 0, L_000001e93ce3d6d0;  alias, 1 drivers
v000001e93ceaf860_0 .net "out", 0 0, L_000001e93ced5b10;  alias, 1 drivers
S_000001e93ceb0cf0 .scope module, "or_40" "or_4" 2 38, 2 9 0, S_000001e93ceb0520;
 .timescale 0 0;
    .port_info 0 /OUTPUT 1 "out";
    .port_info 1 /INPUT 1 "a";
    .port_info 2 /INPUT 1 "b";
    .port_info 3 /INPUT 1 "c";
    .port_info 4 /INPUT 1 "d";
L_000001e93ced5f00 .functor OR 1, L_000001e93ce3d270, L_000001e93ced59c0, C4<0>, C4<0>;
L_000001e93ced61a0 .functor OR 1, L_000001e93ced54f0, L_000001e93ced5b10, C4<0>, C4<0>;
L_000001e93ced5560 .functor OR 1, L_000001e93ced5f00, L_000001e93ced61a0, C4<0>, C4<0>;
v000001e93ceb60d0_0 .net "a", 0 0, L_000001e93ce3d270;  alias, 1 drivers
v000001e93ceb4550_0 .net "b", 0 0, L_000001e93ced59c0;  alias, 1 drivers
v000001e93ceb5950_0 .net "c", 0 0, L_000001e93ced54f0;  alias, 1 drivers
v000001e93ceb6670_0 .net "d", 0 0, L_000001e93ced5b10;  alias, 1 drivers
v000001e93ceb6170_0 .net "orout1", 0 0, L_000001e93ced5f00;  1 drivers
v000001e93ceb6710_0 .net "orout2", 0 0, L_000001e93ced61a0;  1 drivers
v000001e93ceb5590_0 .net "out", 0 0, L_000001e93ced5560;  alias, 1 drivers
S_000001e93ceb1010 .scope module, "mu1" "mux4x1" 2 122, 2 27 0, S_000001e93ceb1fb0;
 .timescale 0 0;
    .port_info 0 /OUTPUT 1 "out";
    .port_info 1 /INPUT 1 "a";
    .port_info 2 /INPUT 1 "b";
    .port_info 3 /INPUT 1 "c";
    .port_info 4 /INPUT 1 "d";
    .port_info 5 /INPUT 1 "s1";
    .port_info 6 /INPUT 1 "s0";
L_000001e93ced58e0 .functor NOT 1, L_000001e93cecf430, C4<0>, C4<0>, C4<0>;
L_000001e93ced5e90 .functor NOT 1, L_000001e93cecedf0, C4<0>, C4<0>, C4<0>;
v000001e93ceb4870_0 .net "a", 0 0, L_000001e93ce3d970;  alias, 1 drivers
v000001e93ceb5450_0 .net "b", 0 0, L_000001e93ce3d970;  alias, 1 drivers
v000001e93ceb44b0_0 .net "c", 0 0, L_000001e93ce3dac0;  alias, 1 drivers
v000001e93ceb4690_0 .net "d", 0 0, L_000001e93ce3cef0;  alias, 1 drivers
v000001e93ceb4c30_0 .net "ns0", 0 0, L_000001e93ced58e0;  1 drivers
v000001e93ceb4d70_0 .net "ns1", 0 0, L_000001e93ced5e90;  1 drivers
v000001e93ceb4f50_0 .net "o1", 0 0, L_000001e93ced5330;  1 drivers
v000001e93ceb5e50_0 .net "o2", 0 0, L_000001e93ced5c60;  1 drivers
v000001e93ceb4ff0_0 .net "o3", 0 0, L_000001e93ced55d0;  1 drivers
v000001e93ceb5ef0_0 .net "o4", 0 0, L_000001e93ced5aa0;  1 drivers
v000001e93ceb5090_0 .net "out", 0 0, L_000001e93ced5790;  1 drivers
v000001e93ceb51d0_0 .net "s0", 0 0, L_000001e93cecf430;  1 drivers
v000001e93ceb5270_0 .net "s1", 0 0, L_000001e93cecedf0;  1 drivers
S_000001e93ceb11a0 .scope module, "and_30" "and_3" 2 33, 2 2 0, S_000001e93ceb1010;
 .timescale 0 0;
    .port_info 0 /OUTPUT 1 "out";
    .port_info 1 /INPUT 1 "a";
    .port_info 2 /INPUT 1 "b";
    .port_info 3 /INPUT 1 "c";
L_000001e93ced52c0 .functor AND 1, L_000001e93ced58e0, L_000001e93ced5e90, C4<1>, C4<1>;
L_000001e93ced5330 .functor AND 1, L_000001e93ced52c0, L_000001e93ce3d970, C4<1>, C4<1>;
v000001e93ceb6990_0 .net "a", 0 0, L_000001e93ced58e0;  alias, 1 drivers
v000001e93ceb4cd0_0 .net "andout", 0 0, L_000001e93ced52c0;  1 drivers
v000001e93ceb63f0_0 .net "b", 0 0, L_000001e93ced5e90;  alias, 1 drivers
v000001e93ceb45f0_0 .net "c", 0 0, L_000001e93ce3d970;  alias, 1 drivers
v000001e93ceb5b30_0 .net "out", 0 0, L_000001e93ced5330;  alias, 1 drivers
S_000001e93ceb1330 .scope module, "and_31" "and_3" 2 34, 2 2 0, S_000001e93ceb1010;
 .timescale 0 0;
    .port_info 0 /OUTPUT 1 "out";
    .port_info 1 /INPUT 1 "a";
    .port_info 2 /INPUT 1 "b";
    .port_info 3 /INPUT 1 "c";
L_000001e93ced5720 .functor AND 1, L_000001e93cecf430, L_000001e93ced5e90, C4<1>, C4<1>;
L_000001e93ced5c60 .functor AND 1, L_000001e93ced5720, L_000001e93ce3d970, C4<1>, C4<1>;
v000001e93ceb4eb0_0 .net "a", 0 0, L_000001e93cecf430;  alias, 1 drivers
v000001e93ceb56d0_0 .net "andout", 0 0, L_000001e93ced5720;  1 drivers
v000001e93ceb5770_0 .net "b", 0 0, L_000001e93ced5e90;  alias, 1 drivers
v000001e93ceb4910_0 .net "c", 0 0, L_000001e93ce3d970;  alias, 1 drivers
v000001e93ceb4e10_0 .net "out", 0 0, L_000001e93ced5c60;  alias, 1 drivers
S_000001e93ceb17e0 .scope module, "and_32" "and_3" 2 35, 2 2 0, S_000001e93ceb1010;
 .timescale 0 0;
    .port_info 0 /OUTPUT 1 "out";
    .port_info 1 /INPUT 1 "a";
    .port_info 2 /INPUT 1 "b";
    .port_info 3 /INPUT 1 "c";
L_000001e93ced5a30 .functor AND 1, L_000001e93ced58e0, L_000001e93cecedf0, C4<1>, C4<1>;
L_000001e93ced55d0 .functor AND 1, L_000001e93ced5a30, L_000001e93ce3dac0, C4<1>, C4<1>;
v000001e93ceb5bd0_0 .net "a", 0 0, L_000001e93ced58e0;  alias, 1 drivers
v000001e93ceb6490_0 .net "andout", 0 0, L_000001e93ced5a30;  1 drivers
v000001e93ceb4a50_0 .net "b", 0 0, L_000001e93cecedf0;  alias, 1 drivers
v000001e93ceb67b0_0 .net "c", 0 0, L_000001e93ce3dac0;  alias, 1 drivers
v000001e93ceb4b90_0 .net "out", 0 0, L_000001e93ced55d0;  alias, 1 drivers
S_000001e93ceb1970 .scope module, "and_33" "and_3" 2 36, 2 2 0, S_000001e93ceb1010;
 .timescale 0 0;
    .port_info 0 /OUTPUT 1 "out";
    .port_info 1 /INPUT 1 "a";
    .port_info 2 /INPUT 1 "b";
    .port_info 3 /INPUT 1 "c";
L_000001e93ced60c0 .functor AND 1, L_000001e93cecf430, L_000001e93cecedf0, C4<1>, C4<1>;
L_000001e93ced5aa0 .functor AND 1, L_000001e93ced60c0, L_000001e93ce3cef0, C4<1>, C4<1>;
v000001e93ceb5130_0 .net "a", 0 0, L_000001e93cecf430;  alias, 1 drivers
v000001e93ceb4730_0 .net "andout", 0 0, L_000001e93ced60c0;  1 drivers
v000001e93ceb4230_0 .net "b", 0 0, L_000001e93cecedf0;  alias, 1 drivers
v000001e93ceb54f0_0 .net "c", 0 0, L_000001e93ce3cef0;  alias, 1 drivers
v000001e93ceb6210_0 .net "out", 0 0, L_000001e93ced5aa0;  alias, 1 drivers
S_000001e93ceb1b00 .scope module, "or_40" "or_4" 2 38, 2 9 0, S_000001e93ceb1010;
 .timescale 0 0;
    .port_info 0 /OUTPUT 1 "out";
    .port_info 1 /INPUT 1 "a";
    .port_info 2 /INPUT 1 "b";
    .port_info 3 /INPUT 1 "c";
    .port_info 4 /INPUT 1 "d";
L_000001e93ced53a0 .functor OR 1, L_000001e93ced5330, L_000001e93ced5c60, C4<0>, C4<0>;
L_000001e93ced5e20 .functor OR 1, L_000001e93ced55d0, L_000001e93ced5aa0, C4<0>, C4<0>;
L_000001e93ced5790 .functor OR 1, L_000001e93ced53a0, L_000001e93ced5e20, C4<0>, C4<0>;
v000001e93ceb42d0_0 .net "a", 0 0, L_000001e93ced5330;  alias, 1 drivers
v000001e93ceb62b0_0 .net "b", 0 0, L_000001e93ced5c60;  alias, 1 drivers
v000001e93ceb4370_0 .net "c", 0 0, L_000001e93ced55d0;  alias, 1 drivers
v000001e93ceb6350_0 .net "d", 0 0, L_000001e93ced5aa0;  alias, 1 drivers
v000001e93ceb4410_0 .net "orout1", 0 0, L_000001e93ced53a0;  1 drivers
v000001e93ceb6530_0 .net "orout2", 0 0, L_000001e93ced5e20;  1 drivers
v000001e93ceb65d0_0 .net "out", 0 0, L_000001e93ced5790;  alias, 1 drivers
S_000001e93ceb1c90 .scope module, "mu2" "mux4x1" 2 123, 2 27 0, S_000001e93ceb1fb0;
 .timescale 0 0;
    .port_info 0 /OUTPUT 1 "out";
    .port_info 1 /INPUT 1 "a";
    .port_info 2 /INPUT 1 "b";
    .port_info 3 /INPUT 1 "c";
    .port_info 4 /INPUT 1 "d";
    .port_info 5 /INPUT 1 "s1";
    .port_info 6 /INPUT 1 "s0";
L_000001e93ced5950 .functor NOT 1, L_000001e93ced0290, C4<0>, C4<0>, C4<0>;
L_000001e93ced5410 .functor NOT 1, L_000001e93cecfb10, C4<0>, C4<0>, C4<0>;
v000001e93ceb7d90_0 .net "a", 0 0, L_000001e93ce3db30;  alias, 1 drivers
v000001e93ceb6e90_0 .net "b", 0 0, L_000001e93ce3db30;  alias, 1 drivers
v000001e93ceb7930_0 .net "c", 0 0, L_000001e93ce3ce10;  alias, 1 drivers
v000001e93ceb6fd0_0 .net "d", 0 0, L_000001e93ce3cfd0;  alias, 1 drivers
v000001e93ceb7390_0 .net "ns0", 0 0, L_000001e93ced5950;  1 drivers
v000001e93ceb7430_0 .net "ns1", 0 0, L_000001e93ced5410;  1 drivers
v000001e93ceb7610_0 .net "o1", 0 0, L_000001e93ced5b80;  1 drivers
v000001e93ceb76b0_0 .net "o2", 0 0, L_000001e93ced5870;  1 drivers
v000001e93ceb7750_0 .net "o3", 0 0, L_000001e93ced56b0;  1 drivers
v000001e93ceb77f0_0 .net "o4", 0 0, L_000001e93ced5fe0;  1 drivers
v000001e93ceb7a70_0 .net "out", 0 0, L_000001e93ced6050;  1 drivers
v000001e93ceb7890_0 .net "s0", 0 0, L_000001e93ced0290;  1 drivers
v000001e93ceb7bb0_0 .net "s1", 0 0, L_000001e93cecfb10;  1 drivers
S_000001e93ceb9d30 .scope module, "and_30" "and_3" 2 33, 2 2 0, S_000001e93ceb1c90;
 .timescale 0 0;
    .port_info 0 /OUTPUT 1 "out";
    .port_info 1 /INPUT 1 "a";
    .port_info 2 /INPUT 1 "b";
    .port_info 3 /INPUT 1 "c";
L_000001e93ced5480 .functor AND 1, L_000001e93ced5950, L_000001e93ced5410, C4<1>, C4<1>;
L_000001e93ced5b80 .functor AND 1, L_000001e93ced5480, L_000001e93ce3db30, C4<1>, C4<1>;
v000001e93ceb5630_0 .net "a", 0 0, L_000001e93ced5950;  alias, 1 drivers
v000001e93ceb5f90_0 .net "andout", 0 0, L_000001e93ced5480;  1 drivers
v000001e93ceb5810_0 .net "b", 0 0, L_000001e93ced5410;  alias, 1 drivers
v000001e93ceb58b0_0 .net "c", 0 0, L_000001e93ce3db30;  alias, 1 drivers
v000001e93ceb6ad0_0 .net "out", 0 0, L_000001e93ced5b80;  alias, 1 drivers
S_000001e93cebacd0 .scope module, "and_31" "and_3" 2 34, 2 2 0, S_000001e93ceb1c90;
 .timescale 0 0;
    .port_info 0 /OUTPUT 1 "out";
    .port_info 1 /INPUT 1 "a";
    .port_info 2 /INPUT 1 "b";
    .port_info 3 /INPUT 1 "c";
L_000001e93ced5640 .functor AND 1, L_000001e93ced0290, L_000001e93ced5410, C4<1>, C4<1>;
L_000001e93ced5870 .functor AND 1, L_000001e93ced5640, L_000001e93ce3db30, C4<1>, C4<1>;
v000001e93ceb7250_0 .net "a", 0 0, L_000001e93ced0290;  alias, 1 drivers
v000001e93ceb6d50_0 .net "andout", 0 0, L_000001e93ced5640;  1 drivers
v000001e93ceb6b70_0 .net "b", 0 0, L_000001e93ced5410;  alias, 1 drivers
v000001e93ceb72f0_0 .net "c", 0 0, L_000001e93ce3db30;  alias, 1 drivers
v000001e93ceb6c10_0 .net "out", 0 0, L_000001e93ced5870;  alias, 1 drivers
S_000001e93ceba690 .scope module, "and_32" "and_3" 2 35, 2 2 0, S_000001e93ceb1c90;
 .timescale 0 0;
    .port_info 0 /OUTPUT 1 "out";
    .port_info 1 /INPUT 1 "a";
    .port_info 2 /INPUT 1 "b";
    .port_info 3 /INPUT 1 "c";
L_000001e93ced5bf0 .functor AND 1, L_000001e93ced5950, L_000001e93cecfb10, C4<1>, C4<1>;
L_000001e93ced56b0 .functor AND 1, L_000001e93ced5bf0, L_000001e93ce3ce10, C4<1>, C4<1>;
v000001e93ceb74d0_0 .net "a", 0 0, L_000001e93ced5950;  alias, 1 drivers
v000001e93ceb7f70_0 .net "andout", 0 0, L_000001e93ced5bf0;  1 drivers
v000001e93ceb6f30_0 .net "b", 0 0, L_000001e93cecfb10;  alias, 1 drivers
v000001e93ceb80b0_0 .net "c", 0 0, L_000001e93ce3ce10;  alias, 1 drivers
v000001e93ceb79d0_0 .net "out", 0 0, L_000001e93ced56b0;  alias, 1 drivers
S_000001e93ceb9560 .scope module, "and_33" "and_3" 2 36, 2 2 0, S_000001e93ceb1c90;
 .timescale 0 0;
    .port_info 0 /OUTPUT 1 "out";
    .port_info 1 /INPUT 1 "a";
    .port_info 2 /INPUT 1 "b";
    .port_info 3 /INPUT 1 "c";
L_000001e93ced5f70 .functor AND 1, L_000001e93ced0290, L_000001e93cecfb10, C4<1>, C4<1>;
L_000001e93ced5fe0 .functor AND 1, L_000001e93ced5f70, L_000001e93ce3cfd0, C4<1>, C4<1>;
v000001e93ceb7070_0 .net "a", 0 0, L_000001e93ced0290;  alias, 1 drivers
v000001e93ceb71b0_0 .net "andout", 0 0, L_000001e93ced5f70;  1 drivers
v000001e93ceb7ed0_0 .net "b", 0 0, L_000001e93cecfb10;  alias, 1 drivers
v000001e93ceb7e30_0 .net "c", 0 0, L_000001e93ce3cfd0;  alias, 1 drivers
v000001e93ceb7b10_0 .net "out", 0 0, L_000001e93ced5fe0;  alias, 1 drivers
S_000001e93cebab40 .scope module, "or_40" "or_4" 2 38, 2 9 0, S_000001e93ceb1c90;
 .timescale 0 0;
    .port_info 0 /OUTPUT 1 "out";
    .port_info 1 /INPUT 1 "a";
    .port_info 2 /INPUT 1 "b";
    .port_info 3 /INPUT 1 "c";
    .port_info 4 /INPUT 1 "d";
L_000001e93ced5cd0 .functor OR 1, L_000001e93ced5b80, L_000001e93ced5870, C4<0>, C4<0>;
L_000001e93ced5db0 .functor OR 1, L_000001e93ced56b0, L_000001e93ced5fe0, C4<0>, C4<0>;
L_000001e93ced6050 .functor OR 1, L_000001e93ced5cd0, L_000001e93ced5db0, C4<0>, C4<0>;
v000001e93ceb6a30_0 .net "a", 0 0, L_000001e93ced5b80;  alias, 1 drivers
v000001e93ceb7cf0_0 .net "b", 0 0, L_000001e93ced5870;  alias, 1 drivers
v000001e93ceb8010_0 .net "c", 0 0, L_000001e93ced56b0;  alias, 1 drivers
v000001e93ceb6cb0_0 .net "d", 0 0, L_000001e93ced5fe0;  alias, 1 drivers
v000001e93ceb6df0_0 .net "orout1", 0 0, L_000001e93ced5cd0;  1 drivers
v000001e93ceb7110_0 .net "orout2", 0 0, L_000001e93ced5db0;  1 drivers
v000001e93ceb7570_0 .net "out", 0 0, L_000001e93ced6050;  alias, 1 drivers
S_000001e93cebae60 .scope module, "mu3" "mux4x1" 2 124, 2 27 0, S_000001e93ceb1fb0;
 .timescale 0 0;
    .port_info 0 /OUTPUT 1 "out";
    .port_info 1 /INPUT 1 "a";
    .port_info 2 /INPUT 1 "b";
    .port_info 3 /INPUT 1 "c";
    .port_info 4 /INPUT 1 "d";
    .port_info 5 /INPUT 1 "s1";
    .port_info 6 /INPUT 1 "s0";
L_000001e93ced6130 .functor NOT 1, L_000001e93ced0a10, C4<0>, C4<0>, C4<0>;
L_000001e93ced6730 .functor NOT 1, L_000001e93cece530, C4<0>, C4<0>, C4<0>;
v000001e93cebd6a0_0 .net "a", 0 0, L_000001e93ce3da50;  alias, 1 drivers
v000001e93cebcde0_0 .net "b", 0 0, L_000001e93ce3da50;  alias, 1 drivers
v000001e93cebc5c0_0 .net "c", 0 0, L_000001e93ce3d660;  alias, 1 drivers
v000001e93cebbd00_0 .net "d", 0 0, L_000001e93ce3d040;  alias, 1 drivers
v000001e93cebb580_0 .net "ns0", 0 0, L_000001e93ced6130;  1 drivers
v000001e93cebc2a0_0 .net "ns1", 0 0, L_000001e93ced6730;  1 drivers
v000001e93cebc200_0 .net "o1", 0 0, L_000001e93ced6810;  1 drivers
v000001e93cebc020_0 .net "o2", 0 0, L_000001e93ced65e0;  1 drivers
v000001e93cebb940_0 .net "o3", 0 0, L_000001e93ced62d0;  1 drivers
v000001e93cebb620_0 .net "o4", 0 0, L_000001e93ced63b0;  1 drivers
v000001e93cebb6c0_0 .net "out", 0 0, L_000001e93ced71b0;  1 drivers
v000001e93cebd100_0 .net "s0", 0 0, L_000001e93ced0a10;  1 drivers
v000001e93cebc0c0_0 .net "s1", 0 0, L_000001e93cece530;  1 drivers
S_000001e93ceba9b0 .scope module, "and_30" "and_3" 2 33, 2 2 0, S_000001e93cebae60;
 .timescale 0 0;
    .port_info 0 /OUTPUT 1 "out";
    .port_info 1 /INPUT 1 "a";
    .port_info 2 /INPUT 1 "b";
    .port_info 3 /INPUT 1 "c";
L_000001e93ced7140 .functor AND 1, L_000001e93ced6130, L_000001e93ced6730, C4<1>, C4<1>;
L_000001e93ced6810 .functor AND 1, L_000001e93ced7140, L_000001e93ce3da50, C4<1>, C4<1>;
v000001e93ceb7c50_0 .net "a", 0 0, L_000001e93ced6130;  alias, 1 drivers
v000001e93cebd4c0_0 .net "andout", 0 0, L_000001e93ced7140;  1 drivers
v000001e93cebb9e0_0 .net "b", 0 0, L_000001e93ced6730;  alias, 1 drivers
v000001e93cebbc60_0 .net "c", 0 0, L_000001e93ce3da50;  alias, 1 drivers
v000001e93cebb440_0 .net "out", 0 0, L_000001e93ced6810;  alias, 1 drivers
S_000001e93ceb9240 .scope module, "and_31" "and_3" 2 34, 2 2 0, S_000001e93cebae60;
 .timescale 0 0;
    .port_info 0 /OUTPUT 1 "out";
    .port_info 1 /INPUT 1 "a";
    .port_info 2 /INPUT 1 "b";
    .port_info 3 /INPUT 1 "c";
L_000001e93ced6ea0 .functor AND 1, L_000001e93ced0a10, L_000001e93ced6730, C4<1>, C4<1>;
L_000001e93ced65e0 .functor AND 1, L_000001e93ced6ea0, L_000001e93ce3da50, C4<1>, C4<1>;
v000001e93cebb3a0_0 .net "a", 0 0, L_000001e93ced0a10;  alias, 1 drivers
v000001e93cebc160_0 .net "andout", 0 0, L_000001e93ced6ea0;  1 drivers
v000001e93cebbee0_0 .net "b", 0 0, L_000001e93ced6730;  alias, 1 drivers
v000001e93cebcca0_0 .net "c", 0 0, L_000001e93ce3da50;  alias, 1 drivers
v000001e93cebca20_0 .net "out", 0 0, L_000001e93ced65e0;  alias, 1 drivers
S_000001e93ceb9a10 .scope module, "and_32" "and_3" 2 35, 2 2 0, S_000001e93cebae60;
 .timescale 0 0;
    .port_info 0 /OUTPUT 1 "out";
    .port_info 1 /INPUT 1 "a";
    .port_info 2 /INPUT 1 "b";
    .port_info 3 /INPUT 1 "c";
L_000001e93ced6e30 .functor AND 1, L_000001e93ced6130, L_000001e93cece530, C4<1>, C4<1>;
L_000001e93ced62d0 .functor AND 1, L_000001e93ced6e30, L_000001e93ce3d660, C4<1>, C4<1>;
v000001e93cebd880_0 .net "a", 0 0, L_000001e93ced6130;  alias, 1 drivers
v000001e93cebd420_0 .net "andout", 0 0, L_000001e93ced6e30;  1 drivers
v000001e93cebcac0_0 .net "b", 0 0, L_000001e93cece530;  alias, 1 drivers
v000001e93cebcd40_0 .net "c", 0 0, L_000001e93ce3d660;  alias, 1 drivers
v000001e93cebd060_0 .net "out", 0 0, L_000001e93ced62d0;  alias, 1 drivers
S_000001e93ceb9ec0 .scope module, "and_33" "and_3" 2 36, 2 2 0, S_000001e93cebae60;
 .timescale 0 0;
    .port_info 0 /OUTPUT 1 "out";
    .port_info 1 /INPUT 1 "a";
    .port_info 2 /INPUT 1 "b";
    .port_info 3 /INPUT 1 "c";
L_000001e93ced6490 .functor AND 1, L_000001e93ced0a10, L_000001e93cece530, C4<1>, C4<1>;
L_000001e93ced63b0 .functor AND 1, L_000001e93ced6490, L_000001e93ce3d040, C4<1>, C4<1>;
v000001e93cebc8e0_0 .net "a", 0 0, L_000001e93ced0a10;  alias, 1 drivers
v000001e93cebb8a0_0 .net "andout", 0 0, L_000001e93ced6490;  1 drivers
v000001e93cebd1a0_0 .net "b", 0 0, L_000001e93cece530;  alias, 1 drivers
v000001e93cebb4e0_0 .net "c", 0 0, L_000001e93ce3d040;  alias, 1 drivers
v000001e93cebd9c0_0 .net "out", 0 0, L_000001e93ced63b0;  alias, 1 drivers
S_000001e93ceba050 .scope module, "or_40" "or_4" 2 38, 2 9 0, S_000001e93cebae60;
 .timescale 0 0;
    .port_info 0 /OUTPUT 1 "out";
    .port_info 1 /INPUT 1 "a";
    .port_info 2 /INPUT 1 "b";
    .port_info 3 /INPUT 1 "c";
    .port_info 4 /INPUT 1 "d";
L_000001e93ced6880 .functor OR 1, L_000001e93ced6810, L_000001e93ced65e0, C4<0>, C4<0>;
L_000001e93ced6650 .functor OR 1, L_000001e93ced62d0, L_000001e93ced63b0, C4<0>, C4<0>;
L_000001e93ced71b0 .functor OR 1, L_000001e93ced6880, L_000001e93ced6650, C4<0>, C4<0>;
v000001e93cebc480_0 .net "a", 0 0, L_000001e93ced6810;  alias, 1 drivers
v000001e93cebc340_0 .net "b", 0 0, L_000001e93ced65e0;  alias, 1 drivers
v000001e93cebd240_0 .net "c", 0 0, L_000001e93ced62d0;  alias, 1 drivers
v000001e93cebb260_0 .net "d", 0 0, L_000001e93ced63b0;  alias, 1 drivers
v000001e93cebbf80_0 .net "orout1", 0 0, L_000001e93ced6880;  1 drivers
v000001e93cebc700_0 .net "orout2", 0 0, L_000001e93ced6650;  1 drivers
v000001e93cebb300_0 .net "out", 0 0, L_000001e93ced71b0;  alias, 1 drivers
S_000001e93ceb93d0 .scope module, "mu0" "mux4x1" 2 167, 2 27 0, S_000001e93cd98070;
 .timescale 0 0;
    .port_info 0 /OUTPUT 1 "out";
    .port_info 1 /INPUT 1 "a";
    .port_info 2 /INPUT 1 "b";
    .port_info 3 /INPUT 1 "c";
    .port_info 4 /INPUT 1 "d";
    .port_info 5 /INPUT 1 "s1";
    .port_info 6 /INPUT 1 "s0";
L_000001e93cf22480 .functor NOT 1, L_000001e93ced1190, C4<0>, C4<0>, C4<0>;
L_000001e93cf21a00 .functor NOT 1, L_000001e93ced10f0, C4<0>, C4<0>, C4<0>;
v000001e93cec6490_0 .net "a", 0 0, L_000001e93ced0d30;  1 drivers
v000001e93cec6a30_0 .net "b", 0 0, L_000001e93ced1050;  1 drivers
v000001e93cec5d10_0 .net "c", 0 0, L_000001e93ced0e70;  1 drivers
v000001e93cec6df0_0 .net "d", 0 0, L_000001e93ced0f10;  1 drivers
v000001e93cec6fd0_0 .net "ns0", 0 0, L_000001e93cf22480;  1 drivers
v000001e93cec5f90_0 .net "ns1", 0 0, L_000001e93cf21a00;  1 drivers
v000001e93cec60d0_0 .net "o1", 0 0, L_000001e93cf22250;  1 drivers
v000001e93cec7070_0 .net "o2", 0 0, L_000001e93cf23050;  1 drivers
v000001e93cec6ad0_0 .net "o3", 0 0, L_000001e93cf230c0;  1 drivers
v000001e93cec6b70_0 .net "o4", 0 0, L_000001e93cf231a0;  1 drivers
v000001e93cec6170_0 .net "out", 0 0, L_000001e93cf22f70;  1 drivers
v000001e93cec5db0_0 .net "s0", 0 0, L_000001e93ced1190;  1 drivers
v000001e93cec68f0_0 .net "s1", 0 0, L_000001e93ced10f0;  1 drivers
S_000001e93ceba1e0 .scope module, "and_30" "and_3" 2 33, 2 2 0, S_000001e93ceb93d0;
 .timescale 0 0;
    .port_info 0 /OUTPUT 1 "out";
    .port_info 1 /INPUT 1 "a";
    .port_info 2 /INPUT 1 "b";
    .port_info 3 /INPUT 1 "c";
L_000001e93cf21bc0 .functor AND 1, L_000001e93cf22480, L_000001e93cf21a00, C4<1>, C4<1>;
L_000001e93cf22250 .functor AND 1, L_000001e93cf21bc0, L_000001e93ced0d30, C4<1>, C4<1>;
v000001e93cebdc40_0 .net "a", 0 0, L_000001e93cf22480;  alias, 1 drivers
v000001e93cebec80_0 .net "andout", 0 0, L_000001e93cf21bc0;  1 drivers
v000001e93cebdb00_0 .net "b", 0 0, L_000001e93cf21a00;  alias, 1 drivers
v000001e93cebdba0_0 .net "c", 0 0, L_000001e93ced0d30;  alias, 1 drivers
v000001e93cebdd80_0 .net "out", 0 0, L_000001e93cf22250;  alias, 1 drivers
S_000001e93cebaff0 .scope module, "and_31" "and_3" 2 34, 2 2 0, S_000001e93ceb93d0;
 .timescale 0 0;
    .port_info 0 /OUTPUT 1 "out";
    .port_info 1 /INPUT 1 "a";
    .port_info 2 /INPUT 1 "b";
    .port_info 3 /INPUT 1 "c";
L_000001e93cf224f0 .functor AND 1, L_000001e93ced1190, L_000001e93cf21a00, C4<1>, C4<1>;
L_000001e93cf23050 .functor AND 1, L_000001e93cf224f0, L_000001e93ced1050, C4<1>, C4<1>;
v000001e93cebe5a0_0 .net "a", 0 0, L_000001e93ced1190;  alias, 1 drivers
v000001e93cebde20_0 .net "andout", 0 0, L_000001e93cf224f0;  1 drivers
v000001e93cebe320_0 .net "b", 0 0, L_000001e93cf21a00;  alias, 1 drivers
v000001e93cebe500_0 .net "c", 0 0, L_000001e93ced1050;  alias, 1 drivers
v000001e93cebed20_0 .net "out", 0 0, L_000001e93cf23050;  alias, 1 drivers
S_000001e93ceb96f0 .scope module, "and_32" "and_3" 2 35, 2 2 0, S_000001e93ceb93d0;
 .timescale 0 0;
    .port_info 0 /OUTPUT 1 "out";
    .port_info 1 /INPUT 1 "a";
    .port_info 2 /INPUT 1 "b";
    .port_info 3 /INPUT 1 "c";
L_000001e93cf22fe0 .functor AND 1, L_000001e93cf22480, L_000001e93ced10f0, C4<1>, C4<1>;
L_000001e93cf230c0 .functor AND 1, L_000001e93cf22fe0, L_000001e93ced0e70, C4<1>, C4<1>;
v000001e93cebe000_0 .net "a", 0 0, L_000001e93cf22480;  alias, 1 drivers
v000001e93cebe0a0_0 .net "andout", 0 0, L_000001e93cf22fe0;  1 drivers
v000001e93cebe780_0 .net "b", 0 0, L_000001e93ced10f0;  alias, 1 drivers
v000001e93cebe140_0 .net "c", 0 0, L_000001e93ced0e70;  alias, 1 drivers
v000001e93cebe820_0 .net "out", 0 0, L_000001e93cf230c0;  alias, 1 drivers
S_000001e93ceba370 .scope module, "and_33" "and_3" 2 36, 2 2 0, S_000001e93ceb93d0;
 .timescale 0 0;
    .port_info 0 /OUTPUT 1 "out";
    .port_info 1 /INPUT 1 "a";
    .port_info 2 /INPUT 1 "b";
    .port_info 3 /INPUT 1 "c";
L_000001e93cf23130 .functor AND 1, L_000001e93ced1190, L_000001e93ced10f0, C4<1>, C4<1>;
L_000001e93cf231a0 .functor AND 1, L_000001e93cf23130, L_000001e93ced0f10, C4<1>, C4<1>;
v000001e93cebe1e0_0 .net "a", 0 0, L_000001e93ced1190;  alias, 1 drivers
v000001e93cebe640_0 .net "andout", 0 0, L_000001e93cf23130;  1 drivers
v000001e93cebef00_0 .net "b", 0 0, L_000001e93ced10f0;  alias, 1 drivers
v000001e93cebee60_0 .net "c", 0 0, L_000001e93ced0f10;  alias, 1 drivers
v000001e93cebe6e0_0 .net "out", 0 0, L_000001e93cf231a0;  alias, 1 drivers
S_000001e93ceb9880 .scope module, "or_40" "or_4" 2 38, 2 9 0, S_000001e93ceb93d0;
 .timescale 0 0;
    .port_info 0 /OUTPUT 1 "out";
    .port_info 1 /INPUT 1 "a";
    .port_info 2 /INPUT 1 "b";
    .port_info 3 /INPUT 1 "c";
    .port_info 4 /INPUT 1 "d";
L_000001e93cf23210 .functor OR 1, L_000001e93cf22250, L_000001e93cf23050, C4<0>, C4<0>;
L_000001e93cf22f00 .functor OR 1, L_000001e93cf230c0, L_000001e93cf231a0, C4<0>, C4<0>;
L_000001e93cf22f70 .functor OR 1, L_000001e93cf23210, L_000001e93cf22f00, C4<0>, C4<0>;
v000001e93cebe8c0_0 .net "a", 0 0, L_000001e93cf22250;  alias, 1 drivers
v000001e93cebe960_0 .net "b", 0 0, L_000001e93cf23050;  alias, 1 drivers
v000001e93cec5e50_0 .net "c", 0 0, L_000001e93cf230c0;  alias, 1 drivers
v000001e93cec6030_0 .net "d", 0 0, L_000001e93cf231a0;  alias, 1 drivers
v000001e93cec6850_0 .net "orout1", 0 0, L_000001e93cf23210;  1 drivers
v000001e93cec67b0_0 .net "orout2", 0 0, L_000001e93cf22f00;  1 drivers
v000001e93cec6990_0 .net "out", 0 0, L_000001e93cf22f70;  alias, 1 drivers
S_000001e93ceba500 .scope module, "mu1" "mux4x1" 2 168, 2 27 0, S_000001e93cd98070;
 .timescale 0 0;
    .port_info 0 /OUTPUT 1 "out";
    .port_info 1 /INPUT 1 "a";
    .port_info 2 /INPUT 1 "b";
    .port_info 3 /INPUT 1 "c";
    .port_info 4 /INPUT 1 "d";
    .port_info 5 /INPUT 1 "s1";
    .port_info 6 /INPUT 1 "s0";
L_000001e93cf233f0 .functor NOT 1, L_000001e93ced0c90, C4<0>, C4<0>, C4<0>;
L_000001e93cf23540 .functor NOT 1, L_000001e93ced0b50, C4<0>, C4<0>, C4<0>;
v000001e93cec4910_0 .net "a", 0 0, L_000001e93ced0bf0;  1 drivers
v000001e93cec5090_0 .net "b", 0 0, L_000001e93ced0fb0;  1 drivers
v000001e93cec58b0_0 .net "c", 0 0, L_000001e93ced0dd0;  1 drivers
v000001e93cec5450_0 .net "d", 0 0, L_000001e93ced0ab0;  1 drivers
v000001e93cec4550_0 .net "ns0", 0 0, L_000001e93cf233f0;  1 drivers
v000001e93cec44b0_0 .net "ns1", 0 0, L_000001e93cf23540;  1 drivers
v000001e93cec3650_0 .net "o1", 0 0, L_000001e93cf243b0;  1 drivers
v000001e93cec3dd0_0 .net "o2", 0 0, L_000001e93cf23380;  1 drivers
v000001e93cec3970_0 .net "o3", 0 0, L_000001e93cf24b90;  1 drivers
v000001e93cec5130_0 .net "o4", 0 0, L_000001e93cf23460;  1 drivers
v000001e93cec4050_0 .net "out", 0 0, L_000001e93cf24ce0;  1 drivers
v000001e93cec51d0_0 .net "s0", 0 0, L_000001e93ced0c90;  1 drivers
v000001e93cec49b0_0 .net "s1", 0 0, L_000001e93ced0b50;  1 drivers
S_000001e93ceb9ba0 .scope module, "and_30" "and_3" 2 33, 2 2 0, S_000001e93ceba500;
 .timescale 0 0;
    .port_info 0 /OUTPUT 1 "out";
    .port_info 1 /INPUT 1 "a";
    .port_info 2 /INPUT 1 "b";
    .port_info 3 /INPUT 1 "c";
L_000001e93cf247a0 .functor AND 1, L_000001e93cf233f0, L_000001e93cf23540, C4<1>, C4<1>;
L_000001e93cf243b0 .functor AND 1, L_000001e93cf247a0, L_000001e93ced0bf0, C4<1>, C4<1>;
v000001e93cec6c10_0 .net "a", 0 0, L_000001e93cf233f0;  alias, 1 drivers
v000001e93cec6cb0_0 .net "andout", 0 0, L_000001e93cf247a0;  1 drivers
v000001e93cec7110_0 .net "b", 0 0, L_000001e93cf23540;  alias, 1 drivers
v000001e93cec6d50_0 .net "c", 0 0, L_000001e93ced0bf0;  alias, 1 drivers
v000001e93cec5c70_0 .net "out", 0 0, L_000001e93cf243b0;  alias, 1 drivers
S_000001e93ceba820 .scope module, "and_31" "and_3" 2 34, 2 2 0, S_000001e93ceba500;
 .timescale 0 0;
    .port_info 0 /OUTPUT 1 "out";
    .port_info 1 /INPUT 1 "a";
    .port_info 2 /INPUT 1 "b";
    .port_info 3 /INPUT 1 "c";
L_000001e93cf23ee0 .functor AND 1, L_000001e93ced0c90, L_000001e93cf23540, C4<1>, C4<1>;
L_000001e93cf23380 .functor AND 1, L_000001e93cf23ee0, L_000001e93ced0fb0, C4<1>, C4<1>;
v000001e93cec5ef0_0 .net "a", 0 0, L_000001e93ced0c90;  alias, 1 drivers
v000001e93cec6e90_0 .net "andout", 0 0, L_000001e93cf23ee0;  1 drivers
v000001e93cec6f30_0 .net "b", 0 0, L_000001e93cf23540;  alias, 1 drivers
v000001e93cec5a90_0 .net "c", 0 0, L_000001e93ced0fb0;  alias, 1 drivers
v000001e93cec6530_0 .net "out", 0 0, L_000001e93cf23380;  alias, 1 drivers
S_000001e93cec8a00 .scope module, "and_32" "and_3" 2 35, 2 2 0, S_000001e93ceba500;
 .timescale 0 0;
    .port_info 0 /OUTPUT 1 "out";
    .port_info 1 /INPUT 1 "a";
    .port_info 2 /INPUT 1 "b";
    .port_info 3 /INPUT 1 "c";
L_000001e93cf23a80 .functor AND 1, L_000001e93cf233f0, L_000001e93ced0b50, C4<1>, C4<1>;
L_000001e93cf24b90 .functor AND 1, L_000001e93cf23a80, L_000001e93ced0dd0, C4<1>, C4<1>;
v000001e93cec6210_0 .net "a", 0 0, L_000001e93cf233f0;  alias, 1 drivers
v000001e93cec5b30_0 .net "andout", 0 0, L_000001e93cf23a80;  1 drivers
v000001e93cec5bd0_0 .net "b", 0 0, L_000001e93ced0b50;  alias, 1 drivers
v000001e93cec62b0_0 .net "c", 0 0, L_000001e93ced0dd0;  alias, 1 drivers
v000001e93cec63f0_0 .net "out", 0 0, L_000001e93cf24b90;  alias, 1 drivers
S_000001e93cec8d20 .scope module, "and_33" "and_3" 2 36, 2 2 0, S_000001e93ceba500;
 .timescale 0 0;
    .port_info 0 /OUTPUT 1 "out";
    .port_info 1 /INPUT 1 "a";
    .port_info 2 /INPUT 1 "b";
    .port_info 3 /INPUT 1 "c";
L_000001e93cf24030 .functor AND 1, L_000001e93ced0c90, L_000001e93ced0b50, C4<1>, C4<1>;
L_000001e93cf23460 .functor AND 1, L_000001e93cf24030, L_000001e93ced0ab0, C4<1>, C4<1>;
v000001e93cec6350_0 .net "a", 0 0, L_000001e93ced0c90;  alias, 1 drivers
v000001e93cec65d0_0 .net "andout", 0 0, L_000001e93cf24030;  1 drivers
v000001e93cec6670_0 .net "b", 0 0, L_000001e93ced0b50;  alias, 1 drivers
v000001e93cec6710_0 .net "c", 0 0, L_000001e93ced0ab0;  alias, 1 drivers
v000001e93cec33d0_0 .net "out", 0 0, L_000001e93cf23460;  alias, 1 drivers
S_000001e93cec8870 .scope module, "or_40" "or_4" 2 38, 2 9 0, S_000001e93ceba500;
 .timescale 0 0;
    .port_info 0 /OUTPUT 1 "out";
    .port_info 1 /INPUT 1 "a";
    .port_info 2 /INPUT 1 "b";
    .port_info 3 /INPUT 1 "c";
    .port_info 4 /INPUT 1 "d";
L_000001e93cf23690 .functor OR 1, L_000001e93cf243b0, L_000001e93cf23380, C4<0>, C4<0>;
L_000001e93cf24b20 .functor OR 1, L_000001e93cf24b90, L_000001e93cf23460, C4<0>, C4<0>;
L_000001e93cf24ce0 .functor OR 1, L_000001e93cf23690, L_000001e93cf24b20, C4<0>, C4<0>;
v000001e93cec3d30_0 .net "a", 0 0, L_000001e93cf243b0;  alias, 1 drivers
v000001e93cec38d0_0 .net "b", 0 0, L_000001e93cf23380;  alias, 1 drivers
v000001e93cec3470_0 .net "c", 0 0, L_000001e93cf24b90;  alias, 1 drivers
v000001e93cec4190_0 .net "d", 0 0, L_000001e93cf23460;  alias, 1 drivers
v000001e93cec35b0_0 .net "orout1", 0 0, L_000001e93cf23690;  1 drivers
v000001e93cec36f0_0 .net "orout2", 0 0, L_000001e93cf24b20;  1 drivers
v000001e93cec3c90_0 .net "out", 0 0, L_000001e93cf24ce0;  alias, 1 drivers
S_000001e93cec80a0 .scope module, "mu2" "mux4x1" 2 169, 2 27 0, S_000001e93cd98070;
 .timescale 0 0;
    .port_info 0 /OUTPUT 1 "out";
    .port_info 1 /INPUT 1 "a";
    .port_info 2 /INPUT 1 "b";
    .port_info 3 /INPUT 1 "c";
    .port_info 4 /INPUT 1 "d";
    .port_info 5 /INPUT 1 "s1";
    .port_info 6 /INPUT 1 "s0";
L_000001e93cf23af0 .functor NOT 1, L_000001e93cec95d0, C4<0>, C4<0>, C4<0>;
L_000001e93cf23c40 .functor NOT 1, L_000001e93cecab10, C4<0>, C4<0>, C4<0>;
v000001e93cec42d0_0 .net "a", 0 0, L_000001e93cecba10;  1 drivers
v000001e93cec3330_0 .net "b", 0 0, L_000001e93cecb150;  1 drivers
v000001e93cec4870_0 .net "c", 0 0, L_000001e93cec97b0;  1 drivers
v000001e93cec4e10_0 .net "d", 0 0, L_000001e93cec9b70;  1 drivers
v000001e93cec4af0_0 .net "ns0", 0 0, L_000001e93cf23af0;  1 drivers
v000001e93cec4b90_0 .net "ns1", 0 0, L_000001e93cf23c40;  1 drivers
v000001e93cec5770_0 .net "o1", 0 0, L_000001e93cf23f50;  1 drivers
v000001e93cec3b50_0 .net "o2", 0 0, L_000001e93cf234d0;  1 drivers
v000001e93cec3bf0_0 .net "o3", 0 0, L_000001e93cf23cb0;  1 drivers
v000001e93cec3510_0 .net "o4", 0 0, L_000001e93cf23700;  1 drivers
v000001e93cec4eb0_0 .net "out", 0 0, L_000001e93cf24420;  1 drivers
v000001e93cec3ab0_0 .net "s0", 0 0, L_000001e93cec95d0;  1 drivers
v000001e93cec4cd0_0 .net "s1", 0 0, L_000001e93cecab10;  1 drivers
S_000001e93cec7a60 .scope module, "and_30" "and_3" 2 33, 2 2 0, S_000001e93cec80a0;
 .timescale 0 0;
    .port_info 0 /OUTPUT 1 "out";
    .port_info 1 /INPUT 1 "a";
    .port_info 2 /INPUT 1 "b";
    .port_info 3 /INPUT 1 "c";
L_000001e93cf24c70 .functor AND 1, L_000001e93cf23af0, L_000001e93cf23c40, C4<1>, C4<1>;
L_000001e93cf23f50 .functor AND 1, L_000001e93cf24c70, L_000001e93cecba10, C4<1>, C4<1>;
v000001e93cec4230_0 .net "a", 0 0, L_000001e93cf23af0;  alias, 1 drivers
v000001e93cec4a50_0 .net "andout", 0 0, L_000001e93cf24c70;  1 drivers
v000001e93cec4f50_0 .net "b", 0 0, L_000001e93cf23c40;  alias, 1 drivers
v000001e93cec5310_0 .net "c", 0 0, L_000001e93cecba10;  alias, 1 drivers
v000001e93cec5270_0 .net "out", 0 0, L_000001e93cf23f50;  alias, 1 drivers
S_000001e93cec8550 .scope module, "and_31" "and_3" 2 34, 2 2 0, S_000001e93cec80a0;
 .timescale 0 0;
    .port_info 0 /OUTPUT 1 "out";
    .port_info 1 /INPUT 1 "a";
    .port_info 2 /INPUT 1 "b";
    .port_info 3 /INPUT 1 "c";
L_000001e93cf24e30 .functor AND 1, L_000001e93cec95d0, L_000001e93cf23c40, C4<1>, C4<1>;
L_000001e93cf234d0 .functor AND 1, L_000001e93cf24e30, L_000001e93cecb150, C4<1>, C4<1>;
v000001e93cec53b0_0 .net "a", 0 0, L_000001e93cec95d0;  alias, 1 drivers
v000001e93cec45f0_0 .net "andout", 0 0, L_000001e93cf24e30;  1 drivers
v000001e93cec3e70_0 .net "b", 0 0, L_000001e93cf23c40;  alias, 1 drivers
v000001e93cec4690_0 .net "c", 0 0, L_000001e93cecb150;  alias, 1 drivers
v000001e93cec4d70_0 .net "out", 0 0, L_000001e93cf234d0;  alias, 1 drivers
S_000001e93cec86e0 .scope module, "and_32" "and_3" 2 35, 2 2 0, S_000001e93cec80a0;
 .timescale 0 0;
    .port_info 0 /OUTPUT 1 "out";
    .port_info 1 /INPUT 1 "a";
    .port_info 2 /INPUT 1 "b";
    .port_info 3 /INPUT 1 "c";
L_000001e93cf24ea0 .functor AND 1, L_000001e93cf23af0, L_000001e93cecab10, C4<1>, C4<1>;
L_000001e93cf23cb0 .functor AND 1, L_000001e93cf24ea0, L_000001e93cec97b0, C4<1>, C4<1>;
v000001e93cec3830_0 .net "a", 0 0, L_000001e93cf23af0;  alias, 1 drivers
v000001e93cec5950_0 .net "andout", 0 0, L_000001e93cf24ea0;  1 drivers
v000001e93cec3790_0 .net "b", 0 0, L_000001e93cecab10;  alias, 1 drivers
v000001e93cec4370_0 .net "c", 0 0, L_000001e93cec97b0;  alias, 1 drivers
v000001e93cec4c30_0 .net "out", 0 0, L_000001e93cf23cb0;  alias, 1 drivers
S_000001e93cec83c0 .scope module, "and_33" "and_3" 2 36, 2 2 0, S_000001e93cec80a0;
 .timescale 0 0;
    .port_info 0 /OUTPUT 1 "out";
    .port_info 1 /INPUT 1 "a";
    .port_info 2 /INPUT 1 "b";
    .port_info 3 /INPUT 1 "c";
L_000001e93cf245e0 .functor AND 1, L_000001e93cec95d0, L_000001e93cecab10, C4<1>, C4<1>;
L_000001e93cf23700 .functor AND 1, L_000001e93cf245e0, L_000001e93cec9b70, C4<1>, C4<1>;
v000001e93cec3a10_0 .net "a", 0 0, L_000001e93cec95d0;  alias, 1 drivers
v000001e93cec59f0_0 .net "andout", 0 0, L_000001e93cf245e0;  1 drivers
v000001e93cec4730_0 .net "b", 0 0, L_000001e93cecab10;  alias, 1 drivers
v000001e93cec54f0_0 .net "c", 0 0, L_000001e93cec9b70;  alias, 1 drivers
v000001e93cec3f10_0 .net "out", 0 0, L_000001e93cf23700;  alias, 1 drivers
S_000001e93cec8eb0 .scope module, "or_40" "or_4" 2 38, 2 9 0, S_000001e93cec80a0;
 .timescale 0 0;
    .port_info 0 /OUTPUT 1 "out";
    .port_info 1 /INPUT 1 "a";
    .port_info 2 /INPUT 1 "b";
    .port_info 3 /INPUT 1 "c";
    .port_info 4 /INPUT 1 "d";
L_000001e93cf24c00 .functor OR 1, L_000001e93cf23f50, L_000001e93cf234d0, C4<0>, C4<0>;
L_000001e93cf24650 .functor OR 1, L_000001e93cf23cb0, L_000001e93cf23700, C4<0>, C4<0>;
L_000001e93cf24420 .functor OR 1, L_000001e93cf24c00, L_000001e93cf24650, C4<0>, C4<0>;
v000001e93cec5590_0 .net "a", 0 0, L_000001e93cf23f50;  alias, 1 drivers
v000001e93cec3fb0_0 .net "b", 0 0, L_000001e93cf234d0;  alias, 1 drivers
v000001e93cec4410_0 .net "c", 0 0, L_000001e93cf23cb0;  alias, 1 drivers
v000001e93cec40f0_0 .net "d", 0 0, L_000001e93cf23700;  alias, 1 drivers
v000001e93cec3290_0 .net "orout1", 0 0, L_000001e93cf24c00;  1 drivers
v000001e93cec5630_0 .net "orout2", 0 0, L_000001e93cf24650;  1 drivers
v000001e93cec47d0_0 .net "out", 0 0, L_000001e93cf24420;  alias, 1 drivers
S_000001e93cec8230 .scope module, "mu3" "mux4x1" 2 170, 2 27 0, S_000001e93cd98070;
 .timescale 0 0;
    .port_info 0 /OUTPUT 1 "out";
    .port_info 1 /INPUT 1 "a";
    .port_info 2 /INPUT 1 "b";
    .port_info 3 /INPUT 1 "c";
    .port_info 4 /INPUT 1 "d";
    .port_info 5 /INPUT 1 "s1";
    .port_info 6 /INPUT 1 "s0";
L_000001e93cf23b60 .functor NOT 1, L_000001e93cec9fd0, C4<0>, C4<0>, C4<0>;
L_000001e93cf24dc0 .functor NOT 1, L_000001e93cecb1f0, C4<0>, C4<0>, C4<0>;
v000001e93cecd310_0 .net "a", 0 0, L_000001e93ceca390;  1 drivers
v000001e93cecdbd0_0 .net "b", 0 0, L_000001e93cec98f0;  1 drivers
v000001e93cecdef0_0 .net "c", 0 0, L_000001e93cecac50;  1 drivers
v000001e93cece210_0 .net "d", 0 0, L_000001e93cecae30;  1 drivers
v000001e93cecdc70_0 .net "ns0", 0 0, L_000001e93cf23b60;  1 drivers
v000001e93cecc190_0 .net "ns1", 0 0, L_000001e93cf24dc0;  1 drivers
v000001e93cecde50_0 .net "o1", 0 0, L_000001e93cf235b0;  1 drivers
v000001e93cecdf90_0 .net "o2", 0 0, L_000001e93cf23e70;  1 drivers
v000001e93cece030_0 .net "o3", 0 0, L_000001e93cf23e00;  1 drivers
v000001e93cecc050_0 .net "o4", 0 0, L_000001e93cf23a10;  1 drivers
v000001e93cece0d0_0 .net "out", 0 0, L_000001e93cf24ab0;  1 drivers
v000001e93cecbb50_0 .net "s0", 0 0, L_000001e93cec9fd0;  1 drivers
v000001e93cecbbf0_0 .net "s1", 0 0, L_000001e93cecb1f0;  1 drivers
S_000001e93cec9040 .scope module, "and_30" "and_3" 2 33, 2 2 0, S_000001e93cec8230;
 .timescale 0 0;
    .port_info 0 /OUTPUT 1 "out";
    .port_info 1 /INPUT 1 "a";
    .port_info 2 /INPUT 1 "b";
    .port_info 3 /INPUT 1 "c";
L_000001e93cf24730 .functor AND 1, L_000001e93cf23b60, L_000001e93cf24dc0, C4<1>, C4<1>;
L_000001e93cf235b0 .functor AND 1, L_000001e93cf24730, L_000001e93ceca390, C4<1>, C4<1>;
v000001e93cec4ff0_0 .net "a", 0 0, L_000001e93cf23b60;  alias, 1 drivers
v000001e93cec56d0_0 .net "andout", 0 0, L_000001e93cf24730;  1 drivers
v000001e93cec5810_0 .net "b", 0 0, L_000001e93cf24dc0;  alias, 1 drivers
v000001e93cece170_0 .net "c", 0 0, L_000001e93ceca390;  alias, 1 drivers
v000001e93cecc870_0 .net "out", 0 0, L_000001e93cf235b0;  alias, 1 drivers
S_000001e93cec8b90 .scope module, "and_31" "and_3" 2 34, 2 2 0, S_000001e93cec8230;
 .timescale 0 0;
    .port_info 0 /OUTPUT 1 "out";
    .port_info 1 /INPUT 1 "a";
    .port_info 2 /INPUT 1 "b";
    .port_info 3 /INPUT 1 "c";
L_000001e93cf23d90 .functor AND 1, L_000001e93cec9fd0, L_000001e93cf24dc0, C4<1>, C4<1>;
L_000001e93cf23e70 .functor AND 1, L_000001e93cf23d90, L_000001e93cec98f0, C4<1>, C4<1>;
v000001e93cecbd30_0 .net "a", 0 0, L_000001e93cec9fd0;  alias, 1 drivers
v000001e93cecc0f0_0 .net "andout", 0 0, L_000001e93cf23d90;  1 drivers
v000001e93cecbfb0_0 .net "b", 0 0, L_000001e93cf24dc0;  alias, 1 drivers
v000001e93cecd9f0_0 .net "c", 0 0, L_000001e93cec98f0;  alias, 1 drivers
v000001e93cecd810_0 .net "out", 0 0, L_000001e93cf23e70;  alias, 1 drivers
S_000001e93cec7290 .scope module, "and_32" "and_3" 2 35, 2 2 0, S_000001e93cec8230;
 .timescale 0 0;
    .port_info 0 /OUTPUT 1 "out";
    .port_info 1 /INPUT 1 "a";
    .port_info 2 /INPUT 1 "b";
    .port_info 3 /INPUT 1 "c";
L_000001e93cf23770 .functor AND 1, L_000001e93cf23b60, L_000001e93cecb1f0, C4<1>, C4<1>;
L_000001e93cf23e00 .functor AND 1, L_000001e93cf23770, L_000001e93cecac50, C4<1>, C4<1>;
v000001e93cecdd10_0 .net "a", 0 0, L_000001e93cf23b60;  alias, 1 drivers
v000001e93cecc910_0 .net "andout", 0 0, L_000001e93cf23770;  1 drivers
v000001e93cecd950_0 .net "b", 0 0, L_000001e93cecb1f0;  alias, 1 drivers
v000001e93cecbdd0_0 .net "c", 0 0, L_000001e93cecac50;  alias, 1 drivers
v000001e93cecda90_0 .net "out", 0 0, L_000001e93cf23e00;  alias, 1 drivers
S_000001e93cec7420 .scope module, "and_33" "and_3" 2 36, 2 2 0, S_000001e93cec8230;
 .timescale 0 0;
    .port_info 0 /OUTPUT 1 "out";
    .port_info 1 /INPUT 1 "a";
    .port_info 2 /INPUT 1 "b";
    .port_info 3 /INPUT 1 "c";
L_000001e93cf23bd0 .functor AND 1, L_000001e93cec9fd0, L_000001e93cecb1f0, C4<1>, C4<1>;
L_000001e93cf23a10 .functor AND 1, L_000001e93cf23bd0, L_000001e93cecae30, C4<1>, C4<1>;
v000001e93ceccaf0_0 .net "a", 0 0, L_000001e93cec9fd0;  alias, 1 drivers
v000001e93cecddb0_0 .net "andout", 0 0, L_000001e93cf23bd0;  1 drivers
v000001e93cecc370_0 .net "b", 0 0, L_000001e93cecb1f0;  alias, 1 drivers
v000001e93cecd130_0 .net "c", 0 0, L_000001e93cecae30;  alias, 1 drivers
v000001e93cecbab0_0 .net "out", 0 0, L_000001e93cf23a10;  alias, 1 drivers
S_000001e93cec7bf0 .scope module, "or_40" "or_4" 2 38, 2 9 0, S_000001e93cec8230;
 .timescale 0 0;
    .port_info 0 /OUTPUT 1 "out";
    .port_info 1 /INPUT 1 "a";
    .port_info 2 /INPUT 1 "b";
    .port_info 3 /INPUT 1 "c";
    .port_info 4 /INPUT 1 "d";
L_000001e93cf246c0 .functor OR 1, L_000001e93cf235b0, L_000001e93cf23e70, C4<0>, C4<0>;
L_000001e93cf24810 .functor OR 1, L_000001e93cf23e00, L_000001e93cf23a10, C4<0>, C4<0>;
L_000001e93cf24ab0 .functor OR 1, L_000001e93cf246c0, L_000001e93cf24810, C4<0>, C4<0>;
v000001e93cecbc90_0 .net "a", 0 0, L_000001e93cf235b0;  alias, 1 drivers
v000001e93cecbf10_0 .net "b", 0 0, L_000001e93cf23e70;  alias, 1 drivers
v000001e93cecca50_0 .net "c", 0 0, L_000001e93cf23e00;  alias, 1 drivers
v000001e93cecbe70_0 .net "d", 0 0, L_000001e93cf23a10;  alias, 1 drivers
v000001e93cecc5f0_0 .net "orout1", 0 0, L_000001e93cf246c0;  1 drivers
v000001e93cecd450_0 .net "orout2", 0 0, L_000001e93cf24810;  1 drivers
v000001e93cecdb30_0 .net "out", 0 0, L_000001e93cf24ab0;  alias, 1 drivers
S_000001e93cd95df0 .scope module, "mux2x1" "mux2x1" 2 42;
 .timescale 0 0;
    .port_info 0 /OUTPUT 1 "out";
    .port_info 1 /INPUT 1 "a";
    .port_info 2 /INPUT 1 "b";
    .port_info 3 /INPUT 1 "s";
o000001e93ce5dfc8 .functor BUFZ 1, C4<z>; HiZ drive
L_000001e93cf23d20 .functor NOT 1, o000001e93ce5dfc8, C4<0>, C4<0>, C4<0>;
o000001e93ce5dea8 .functor BUFZ 1, C4<z>; HiZ drive
L_000001e93cf24110 .functor AND 1, L_000001e93cf23d20, o000001e93ce5dea8, C4<1>, C4<1>;
o000001e93ce5ded8 .functor BUFZ 1, C4<z>; HiZ drive
L_000001e93cf23930 .functor AND 1, o000001e93ce5dfc8, o000001e93ce5ded8, C4<1>, C4<1>;
L_000001e93cf23620 .functor OR 1, L_000001e93cf24110, L_000001e93cf23930, C4<0>, C4<0>;
v000001e93cecce10_0 .net "a", 0 0, o000001e93ce5dea8;  0 drivers
v000001e93cecceb0_0 .net "b", 0 0, o000001e93ce5ded8;  0 drivers
v000001e93ceccf50_0 .net "ns", 0 0, L_000001e93cf23d20;  1 drivers
v000001e93ceccff0_0 .net "o1", 0 0, L_000001e93cf24110;  1 drivers
v000001e93cecd090_0 .net "o2", 0 0, L_000001e93cf23930;  1 drivers
v000001e93cecd1d0_0 .net "out", 0 0, L_000001e93cf23620;  1 drivers
v000001e93cecd270_0 .net "s", 0 0, o000001e93ce5dfc8;  0 drivers
    .scope S_000001e93cd95c60;
T_0 ;
    %vpi_call 2 202 "$monitor", $time, " carry=%b,    out = %b%b%b%b     ,    s = %b%b%b%b , a=%b%b%b%b,  b=%b%b%b%b", &PV<v000001e93ceccc30_0, 4, 1>, &PV<v000001e93ceccc30_0, 3, 1>, &PV<v000001e93ceccc30_0, 2, 1>, &PV<v000001e93ceccc30_0, 1, 1>, &PV<v000001e93ceccc30_0, 0, 1>, &PV<v000001e93cecccd0_0, 3, 1>, &PV<v000001e93cecccd0_0, 2, 1>, &PV<v000001e93cecccd0_0, 1, 1>, &PV<v000001e93cecccd0_0, 0, 1>, &PV<v000001e93cecc7d0_0, 3, 1>, &PV<v000001e93cecc7d0_0, 2, 1>, &PV<v000001e93cecc7d0_0, 1, 1>, &PV<v000001e93cecc7d0_0, 0, 1>, &PV<v000001e93cecd8b0_0, 3, 1>, &PV<v000001e93cecd8b0_0, 2, 1>, &PV<v000001e93cecd8b0_0, 1, 1>, &PV<v000001e93cecd8b0_0, 0, 1> {0 0 0};
    %pushi/vec4 0, 0, 1;
    %ix/load 4, 3, 0;
    %ix/load 5, 0, 0;
    %flag_set/imm 4, 0;
    %assign/vec4/off/d v000001e93cecc7d0_0, 4, 5;
    %pushi/vec4 1, 0, 1;
    %ix/load 4, 2, 0;
    %ix/load 5, 0, 0;
    %flag_set/imm 4, 0;
    %assign/vec4/off/d v000001e93cecc7d0_0, 4, 5;
    %pushi/vec4 0, 0, 1;
    %ix/load 4, 1, 0;
    %ix/load 5, 0, 0;
    %flag_set/imm 4, 0;
    %assign/vec4/off/d v000001e93cecc7d0_0, 4, 5;
    %pushi/vec4 0, 0, 1;
    %ix/load 4, 0, 0;
    %ix/load 5, 0, 0;
    %flag_set/imm 4, 0;
    %assign/vec4/off/d v000001e93cecc7d0_0, 4, 5;
    %pushi/vec4 1, 0, 1;
    %ix/load 4, 3, 0;
    %ix/load 5, 0, 0;
    %flag_set/imm 4, 0;
    %assign/vec4/off/d v000001e93cecd8b0_0, 4, 5;
    %pushi/vec4 1, 0, 1;
    %ix/load 4, 2, 0;
    %ix/load 5, 0, 0;
    %flag_set/imm 4, 0;
    %assign/vec4/off/d v000001e93cecd8b0_0, 4, 5;
    %pushi/vec4 1, 0, 1;
    %ix/load 4, 1, 0;
    %ix/load 5, 0, 0;
    %flag_set/imm 4, 0;
    %assign/vec4/off/d v000001e93cecd8b0_0, 4, 5;
    %pushi/vec4 0, 0, 1;
    %ix/load 4, 0, 0;
    %ix/load 5, 0, 0;
    %flag_set/imm 4, 0;
    %assign/vec4/off/d v000001e93cecd8b0_0, 4, 5;
    %delay 10, 0;
    %pushi/vec4 0, 0, 1;
    %ix/load 4, 3, 0;
    %ix/load 5, 0, 0;
    %flag_set/imm 4, 0;
    %assign/vec4/off/d v000001e93cecccd0_0, 4, 5;
    %pushi/vec4 0, 0, 1;
    %ix/load 4, 2, 0;
    %ix/load 5, 0, 0;
    %flag_set/imm 4, 0;
    %assign/vec4/off/d v000001e93cecccd0_0, 4, 5;
    %pushi/vec4 0, 0, 1;
    %ix/load 4, 1, 0;
    %ix/load 5, 0, 0;
    %flag_set/imm 4, 0;
    %assign/vec4/off/d v000001e93cecccd0_0, 4, 5;
    %pushi/vec4 0, 0, 1;
    %ix/load 4, 0, 0;
    %ix/load 5, 0, 0;
    %flag_set/imm 4, 0;
    %assign/vec4/off/d v000001e93cecccd0_0, 4, 5;
    %delay 10, 0;
    %pushi/vec4 0, 0, 1;
    %ix/load 4, 3, 0;
    %ix/load 5, 0, 0;
    %flag_set/imm 4, 0;
    %assign/vec4/off/d v000001e93cecccd0_0, 4, 5;
    %pushi/vec4 0, 0, 1;
    %ix/load 4, 2, 0;
    %ix/load 5, 0, 0;
    %flag_set/imm 4, 0;
    %assign/vec4/off/d v000001e93cecccd0_0, 4, 5;
    %pushi/vec4 0, 0, 1;
    %ix/load 4, 1, 0;
    %ix/load 5, 0, 0;
    %flag_set/imm 4, 0;
    %assign/vec4/off/d v000001e93cecccd0_0, 4, 5;
    %pushi/vec4 1, 0, 1;
    %ix/load 4, 0, 0;
    %ix/load 5, 0, 0;
    %flag_set/imm 4, 0;
    %assign/vec4/off/d v000001e93cecccd0_0, 4, 5;
    %delay 10, 0;
    %pushi/vec4 0, 0, 1;
    %ix/load 4, 3, 0;
    %ix/load 5, 0, 0;
    %flag_set/imm 4, 0;
    %assign/vec4/off/d v000001e93cecccd0_0, 4, 5;
    %pushi/vec4 0, 0, 1;
    %ix/load 4, 2, 0;
    %ix/load 5, 0, 0;
    %flag_set/imm 4, 0;
    %assign/vec4/off/d v000001e93cecccd0_0, 4, 5;
    %pushi/vec4 1, 0, 1;
    %ix/load 4, 1, 0;
    %ix/load 5, 0, 0;
    %flag_set/imm 4, 0;
    %assign/vec4/off/d v000001e93cecccd0_0, 4, 5;
    %pushi/vec4 0, 0, 1;
    %ix/load 4, 0, 0;
    %ix/load 5, 0, 0;
    %flag_set/imm 4, 0;
    %assign/vec4/off/d v000001e93cecccd0_0, 4, 5;
    %delay 10, 0;
    %pushi/vec4 0, 0, 1;
    %ix/load 4, 3, 0;
    %ix/load 5, 0, 0;
    %flag_set/imm 4, 0;
    %assign/vec4/off/d v000001e93cecccd0_0, 4, 5;
    %pushi/vec4 0, 0, 1;
    %ix/load 4, 2, 0;
    %ix/load 5, 0, 0;
    %flag_set/imm 4, 0;
    %assign/vec4/off/d v000001e93cecccd0_0, 4, 5;
    %pushi/vec4 1, 0, 1;
    %ix/load 4, 1, 0;
    %ix/load 5, 0, 0;
    %flag_set/imm 4, 0;
    %assign/vec4/off/d v000001e93cecccd0_0, 4, 5;
    %pushi/vec4 1, 0, 1;
    %ix/load 4, 0, 0;
    %ix/load 5, 0, 0;
    %flag_set/imm 4, 0;
    %assign/vec4/off/d v000001e93cecccd0_0, 4, 5;
    %delay 10, 0;
    %pushi/vec4 0, 0, 1;
    %ix/load 4, 3, 0;
    %ix/load 5, 0, 0;
    %flag_set/imm 4, 0;
    %assign/vec4/off/d v000001e93cecccd0_0, 4, 5;
    %pushi/vec4 1, 0, 1;
    %ix/load 4, 2, 0;
    %ix/load 5, 0, 0;
    %flag_set/imm 4, 0;
    %assign/vec4/off/d v000001e93cecccd0_0, 4, 5;
    %pushi/vec4 0, 0, 1;
    %ix/load 4, 1, 0;
    %ix/load 5, 0, 0;
    %flag_set/imm 4, 0;
    %assign/vec4/off/d v000001e93cecccd0_0, 4, 5;
    %pushi/vec4 0, 0, 1;
    %ix/load 4, 0, 0;
    %ix/load 5, 0, 0;
    %flag_set/imm 4, 0;
    %assign/vec4/off/d v000001e93cecccd0_0, 4, 5;
    %delay 10, 0;
    %pushi/vec4 0, 0, 1;
    %ix/load 4, 3, 0;
    %ix/load 5, 0, 0;
    %flag_set/imm 4, 0;
    %assign/vec4/off/d v000001e93cecccd0_0, 4, 5;
    %pushi/vec4 1, 0, 1;
    %ix/load 4, 2, 0;
    %ix/load 5, 0, 0;
    %flag_set/imm 4, 0;
    %assign/vec4/off/d v000001e93cecccd0_0, 4, 5;
    %pushi/vec4 0, 0, 1;
    %ix/load 4, 1, 0;
    %ix/load 5, 0, 0;
    %flag_set/imm 4, 0;
    %assign/vec4/off/d v000001e93cecccd0_0, 4, 5;
    %pushi/vec4 1, 0, 1;
    %ix/load 4, 0, 0;
    %ix/load 5, 0, 0;
    %flag_set/imm 4, 0;
    %assign/vec4/off/d v000001e93cecccd0_0, 4, 5;
    %delay 10, 0;
    %pushi/vec4 0, 0, 1;
    %ix/load 4, 3, 0;
    %ix/load 5, 0, 0;
    %flag_set/imm 4, 0;
    %assign/vec4/off/d v000001e93cecccd0_0, 4, 5;
    %pushi/vec4 1, 0, 1;
    %ix/load 4, 2, 0;
    %ix/load 5, 0, 0;
    %flag_set/imm 4, 0;
    %assign/vec4/off/d v000001e93cecccd0_0, 4, 5;
    %pushi/vec4 1, 0, 1;
    %ix/load 4, 1, 0;
    %ix/load 5, 0, 0;
    %flag_set/imm 4, 0;
    %assign/vec4/off/d v000001e93cecccd0_0, 4, 5;
    %pushi/vec4 0, 0, 1;
    %ix/load 4, 0, 0;
    %ix/load 5, 0, 0;
    %flag_set/imm 4, 0;
    %assign/vec4/off/d v000001e93cecccd0_0, 4, 5;
    %delay 10, 0;
    %pushi/vec4 0, 0, 1;
    %ix/load 4, 3, 0;
    %ix/load 5, 0, 0;
    %flag_set/imm 4, 0;
    %assign/vec4/off/d v000001e93cecccd0_0, 4, 5;
    %pushi/vec4 1, 0, 1;
    %ix/load 4, 2, 0;
    %ix/load 5, 0, 0;
    %flag_set/imm 4, 0;
    %assign/vec4/off/d v000001e93cecccd0_0, 4, 5;
    %pushi/vec4 1, 0, 1;
    %ix/load 4, 1, 0;
    %ix/load 5, 0, 0;
    %flag_set/imm 4, 0;
    %assign/vec4/off/d v000001e93cecccd0_0, 4, 5;
    %pushi/vec4 1, 0, 1;
    %ix/load 4, 0, 0;
    %ix/load 5, 0, 0;
    %flag_set/imm 4, 0;
    %assign/vec4/off/d v000001e93cecccd0_0, 4, 5;
    %delay 10, 0;
    %pushi/vec4 1, 0, 1;
    %ix/load 4, 3, 0;
    %ix/load 5, 0, 0;
    %flag_set/imm 4, 0;
    %assign/vec4/off/d v000001e93cecccd0_0, 4, 5;
    %pushi/vec4 0, 0, 1;
    %ix/load 4, 2, 0;
    %ix/load 5, 0, 0;
    %flag_set/imm 4, 0;
    %assign/vec4/off/d v000001e93cecccd0_0, 4, 5;
    %pushi/vec4 0, 0, 1;
    %ix/load 4, 1, 0;
    %ix/load 5, 0, 0;
    %flag_set/imm 4, 0;
    %assign/vec4/off/d v000001e93cecccd0_0, 4, 5;
    %pushi/vec4 0, 0, 1;
    %ix/load 4, 0, 0;
    %ix/load 5, 0, 0;
    %flag_set/imm 4, 0;
    %assign/vec4/off/d v000001e93cecccd0_0, 4, 5;
    %delay 10, 0;
    %pushi/vec4 1, 0, 1;
    %ix/load 4, 3, 0;
    %ix/load 5, 0, 0;
    %flag_set/imm 4, 0;
    %assign/vec4/off/d v000001e93cecccd0_0, 4, 5;
    %pushi/vec4 0, 0, 1;
    %ix/load 4, 2, 0;
    %ix/load 5, 0, 0;
    %flag_set/imm 4, 0;
    %assign/vec4/off/d v000001e93cecccd0_0, 4, 5;
    %pushi/vec4 0, 0, 1;
    %ix/load 4, 1, 0;
    %ix/load 5, 0, 0;
    %flag_set/imm 4, 0;
    %assign/vec4/off/d v000001e93cecccd0_0, 4, 5;
    %pushi/vec4 1, 0, 1;
    %ix/load 4, 0, 0;
    %ix/load 5, 0, 0;
    %flag_set/imm 4, 0;
    %assign/vec4/off/d v000001e93cecccd0_0, 4, 5;
    %delay 10, 0;
    %pushi/vec4 1, 0, 1;
    %ix/load 4, 3, 0;
    %ix/load 5, 0, 0;
    %flag_set/imm 4, 0;
    %assign/vec4/off/d v000001e93cecccd0_0, 4, 5;
    %pushi/vec4 0, 0, 1;
    %ix/load 4, 2, 0;
    %ix/load 5, 0, 0;
    %flag_set/imm 4, 0;
    %assign/vec4/off/d v000001e93cecccd0_0, 4, 5;
    %pushi/vec4 1, 0, 1;
    %ix/load 4, 1, 0;
    %ix/load 5, 0, 0;
    %flag_set/imm 4, 0;
    %assign/vec4/off/d v000001e93cecccd0_0, 4, 5;
    %pushi/vec4 0, 0, 1;
    %ix/load 4, 0, 0;
    %ix/load 5, 0, 0;
    %flag_set/imm 4, 0;
    %assign/vec4/off/d v000001e93cecccd0_0, 4, 5;
    %delay 10, 0;
    %pushi/vec4 1, 0, 1;
    %ix/load 4, 3, 0;
    %ix/load 5, 0, 0;
    %flag_set/imm 4, 0;
    %assign/vec4/off/d v000001e93cecccd0_0, 4, 5;
    %pushi/vec4 0, 0, 1;
    %ix/load 4, 2, 0;
    %ix/load 5, 0, 0;
    %flag_set/imm 4, 0;
    %assign/vec4/off/d v000001e93cecccd0_0, 4, 5;
    %pushi/vec4 1, 0, 1;
    %ix/load 4, 1, 0;
    %ix/load 5, 0, 0;
    %flag_set/imm 4, 0;
    %assign/vec4/off/d v000001e93cecccd0_0, 4, 5;
    %pushi/vec4 1, 0, 1;
    %ix/load 4, 0, 0;
    %ix/load 5, 0, 0;
    %flag_set/imm 4, 0;
    %assign/vec4/off/d v000001e93cecccd0_0, 4, 5;
    %delay 10, 0;
    %pushi/vec4 1, 0, 1;
    %ix/load 4, 3, 0;
    %ix/load 5, 0, 0;
    %flag_set/imm 4, 0;
    %assign/vec4/off/d v000001e93cecccd0_0, 4, 5;
    %pushi/vec4 1, 0, 1;
    %ix/load 4, 2, 0;
    %ix/load 5, 0, 0;
    %flag_set/imm 4, 0;
    %assign/vec4/off/d v000001e93cecccd0_0, 4, 5;
    %pushi/vec4 0, 0, 1;
    %ix/load 4, 1, 0;
    %ix/load 5, 0, 0;
    %flag_set/imm 4, 0;
    %assign/vec4/off/d v000001e93cecccd0_0, 4, 5;
    %pushi/vec4 0, 0, 1;
    %ix/load 4, 0, 0;
    %ix/load 5, 0, 0;
    %flag_set/imm 4, 0;
    %assign/vec4/off/d v000001e93cecccd0_0, 4, 5;
    %delay 10, 0;
    %pushi/vec4 1, 0, 1;
    %ix/load 4, 3, 0;
    %ix/load 5, 0, 0;
    %flag_set/imm 4, 0;
    %assign/vec4/off/d v000001e93cecccd0_0, 4, 5;
    %pushi/vec4 1, 0, 1;
    %ix/load 4, 2, 0;
    %ix/load 5, 0, 0;
    %flag_set/imm 4, 0;
    %assign/vec4/off/d v000001e93cecccd0_0, 4, 5;
    %pushi/vec4 0, 0, 1;
    %ix/load 4, 1, 0;
    %ix/load 5, 0, 0;
    %flag_set/imm 4, 0;
    %assign/vec4/off/d v000001e93cecccd0_0, 4, 5;
    %pushi/vec4 1, 0, 1;
    %ix/load 4, 0, 0;
    %ix/load 5, 0, 0;
    %flag_set/imm 4, 0;
    %assign/vec4/off/d v000001e93cecccd0_0, 4, 5;
    %delay 10, 0;
    %pushi/vec4 1, 0, 1;
    %ix/load 4, 3, 0;
    %ix/load 5, 0, 0;
    %flag_set/imm 4, 0;
    %assign/vec4/off/d v000001e93cecccd0_0, 4, 5;
    %pushi/vec4 1, 0, 1;
    %ix/load 4, 2, 0;
    %ix/load 5, 0, 0;
    %flag_set/imm 4, 0;
    %assign/vec4/off/d v000001e93cecccd0_0, 4, 5;
    %pushi/vec4 1, 0, 1;
    %ix/load 4, 1, 0;
    %ix/load 5, 0, 0;
    %flag_set/imm 4, 0;
    %assign/vec4/off/d v000001e93cecccd0_0, 4, 5;
    %pushi/vec4 0, 0, 1;
    %ix/load 4, 0, 0;
    %ix/load 5, 0, 0;
    %flag_set/imm 4, 0;
    %assign/vec4/off/d v000001e93cecccd0_0, 4, 5;
    %delay 10, 0;
    %pushi/vec4 1, 0, 1;
    %ix/load 4, 3, 0;
    %ix/load 5, 0, 0;
    %flag_set/imm 4, 0;
    %assign/vec4/off/d v000001e93cecccd0_0, 4, 5;
    %pushi/vec4 1, 0, 1;
    %ix/load 4, 2, 0;
    %ix/load 5, 0, 0;
    %flag_set/imm 4, 0;
    %assign/vec4/off/d v000001e93cecccd0_0, 4, 5;
    %pushi/vec4 1, 0, 1;
    %ix/load 4, 1, 0;
    %ix/load 5, 0, 0;
    %flag_set/imm 4, 0;
    %assign/vec4/off/d v000001e93cecccd0_0, 4, 5;
    %pushi/vec4 1, 0, 1;
    %ix/load 4, 0, 0;
    %ix/load 5, 0, 0;
    %flag_set/imm 4, 0;
    %assign/vec4/off/d v000001e93cecccd0_0, 4, 5;
    %vpi_call 2 224 "$finish" {0 0 0};
    %end;
    .thread T_0;
# The file index is used to find the file name in the following table.
:file_names 3;
    "N/A";
    "<interactive>";
    "alu.vl";
